{"C:\\Users\\cpvdm\\OneDrive\\Documents\\GitHub\\Harvest\\Server\\communicator.js": {"path":"C:\\Users\\cpvdm\\OneDrive\\Documents\\GitHub\\Harvest\\Server\\communicator.js","statementMap":{"0":{"start":{"line":1,"column":0},"end":{"line":1,"column":27}},"1":{"start":{"line":3,"column":19},"end":{"line":3,"column":32}},"2":{"start":{"line":4,"column":29},"end":{"line":4,"column":53}},"3":{"start":{"line":5,"column":19},"end":{"line":10,"column":8}},"4":{"start":{"line":14,"column":4},"end":{"line":14,"column":21}},"5":{"start":{"line":15,"column":4},"end":{"line":15,"column":10}},"6":{"start":{"line":18,"column":20},"end":{"line":18,"column":38}},"7":{"start":{"line":23,"column":15},"end":{"line":23,"column":159}},"8":{"start":{"line":24,"column":17},"end":{"line":24,"column":19}},"9":{"start":{"line":25,"column":2},"end":{"line":25,"column":24}},"10":{"start":{"line":26,"column":2},"end":{"line":26,"column":21}},"11":{"start":{"line":27,"column":2},"end":{"line":27,"column":22}},"12":{"start":{"line":30,"column":2},"end":{"line":35,"column":3}},"13":{"start":{"line":31,"column":15},"end":{"line":31,"column":47}},"14":{"start":{"line":32,"column":4},"end":{"line":32,"column":18}},"15":{"start":{"line":34,"column":4},"end":{"line":34,"column":14}},"16":{"start":{"line":41,"column":15},"end":{"line":41,"column":106}},"17":{"start":{"line":42,"column":17},"end":{"line":42,"column":19}},"18":{"start":{"line":43,"column":2},"end":{"line":43,"column":22}},"19":{"start":{"line":45,"column":2},"end":{"line":50,"column":3}},"20":{"start":{"line":46,"column":15},"end":{"line":46,"column":47}},"21":{"start":{"line":47,"column":4},"end":{"line":47,"column":18}},"22":{"start":{"line":49,"column":4},"end":{"line":49,"column":14}},"23":{"start":{"line":58,"column":15},"end":{"line":58,"column":90}},"24":{"start":{"line":59,"column":17},"end":{"line":59,"column":19}},"25":{"start":{"line":60,"column":2},"end":{"line":60,"column":22}},"26":{"start":{"line":61,"column":2},"end":{"line":61,"column":20}},"27":{"start":{"line":62,"column":2},"end":{"line":67,"column":3}},"28":{"start":{"line":63,"column":15},"end":{"line":63,"column":47}},"29":{"start":{"line":64,"column":4},"end":{"line":64,"column":18}},"30":{"start":{"line":66,"column":4},"end":{"line":66,"column":14}},"31":{"start":{"line":70,"column":15},"end":{"line":70,"column":89}},"32":{"start":{"line":71,"column":17},"end":{"line":71,"column":19}},"33":{"start":{"line":72,"column":2},"end":{"line":72,"column":21}},"34":{"start":{"line":73,"column":2},"end":{"line":73,"column":20}},"35":{"start":{"line":74,"column":2},"end":{"line":79,"column":3}},"36":{"start":{"line":75,"column":15},"end":{"line":75,"column":47}},"37":{"start":{"line":76,"column":4},"end":{"line":76,"column":18}},"38":{"start":{"line":78,"column":4},"end":{"line":78,"column":14}},"39":{"start":{"line":83,"column":15},"end":{"line":83,"column":88}},"40":{"start":{"line":84,"column":17},"end":{"line":84,"column":19}},"41":{"start":{"line":85,"column":2},"end":{"line":85,"column":22}},"42":{"start":{"line":86,"column":2},"end":{"line":91,"column":3}},"43":{"start":{"line":87,"column":15},"end":{"line":87,"column":47}},"44":{"start":{"line":88,"column":4},"end":{"line":88,"column":18}},"45":{"start":{"line":90,"column":4},"end":{"line":90,"column":14}},"46":{"start":{"line":95,"column":15},"end":{"line":95,"column":87}},"47":{"start":{"line":96,"column":17},"end":{"line":96,"column":19}},"48":{"start":{"line":97,"column":2},"end":{"line":97,"column":21}},"49":{"start":{"line":98,"column":2},"end":{"line":103,"column":3}},"50":{"start":{"line":99,"column":15},"end":{"line":99,"column":47}},"51":{"start":{"line":100,"column":4},"end":{"line":100,"column":18}},"52":{"start":{"line":102,"column":4},"end":{"line":102,"column":14}},"53":{"start":{"line":107,"column":15},"end":{"line":107,"column":79}},"54":{"start":{"line":108,"column":17},"end":{"line":108,"column":19}},"55":{"start":{"line":109,"column":2},"end":{"line":109,"column":22}},"56":{"start":{"line":110,"column":2},"end":{"line":115,"column":3}},"57":{"start":{"line":111,"column":15},"end":{"line":111,"column":47}},"58":{"start":{"line":112,"column":4},"end":{"line":112,"column":18}},"59":{"start":{"line":114,"column":4},"end":{"line":114,"column":14}},"60":{"start":{"line":120,"column":15},"end":{"line":120,"column":134}},"61":{"start":{"line":121,"column":17},"end":{"line":121,"column":19}},"62":{"start":{"line":122,"column":2},"end":{"line":122,"column":22}},"63":{"start":{"line":123,"column":2},"end":{"line":123,"column":25}},"64":{"start":{"line":124,"column":2},"end":{"line":124,"column":22}},"65":{"start":{"line":125,"column":2},"end":{"line":125,"column":21}},"66":{"start":{"line":128,"column":2},"end":{"line":133,"column":3}},"67":{"start":{"line":129,"column":15},"end":{"line":129,"column":47}},"68":{"start":{"line":130,"column":4},"end":{"line":130,"column":18}},"69":{"start":{"line":132,"column":4},"end":{"line":132,"column":14}},"70":{"start":{"line":137,"column":15},"end":{"line":137,"column":86}},"71":{"start":{"line":138,"column":17},"end":{"line":138,"column":19}},"72":{"start":{"line":139,"column":2},"end":{"line":139,"column":22}},"73":{"start":{"line":140,"column":2},"end":{"line":140,"column":23}},"74":{"start":{"line":143,"column":2},"end":{"line":148,"column":3}},"75":{"start":{"line":144,"column":15},"end":{"line":144,"column":47}},"76":{"start":{"line":145,"column":4},"end":{"line":145,"column":18}},"77":{"start":{"line":147,"column":4},"end":{"line":147,"column":14}},"78":{"start":{"line":153,"column":15},"end":{"line":153,"column":47}},"79":{"start":{"line":154,"column":17},"end":{"line":154,"column":19}},"80":{"start":{"line":156,"column":2},"end":{"line":161,"column":3}},"81":{"start":{"line":157,"column":15},"end":{"line":157,"column":47}},"82":{"start":{"line":158,"column":4},"end":{"line":158,"column":18}},"83":{"start":{"line":160,"column":4},"end":{"line":160,"column":14}},"84":{"start":{"line":165,"column":15},"end":{"line":165,"column":383}},"85":{"start":{"line":166,"column":17},"end":{"line":166,"column":19}},"86":{"start":{"line":167,"column":2},"end":{"line":167,"column":24}},"87":{"start":{"line":168,"column":2},"end":{"line":168,"column":22}},"88":{"start":{"line":169,"column":2},"end":{"line":169,"column":20}},"89":{"start":{"line":170,"column":2},"end":{"line":175,"column":3}},"90":{"start":{"line":171,"column":15},"end":{"line":171,"column":47}},"91":{"start":{"line":172,"column":4},"end":{"line":172,"column":18}},"92":{"start":{"line":174,"column":4},"end":{"line":174,"column":14}},"93":{"start":{"line":178,"column":15},"end":{"line":178,"column":444}},"94":{"start":{"line":179,"column":17},"end":{"line":179,"column":19}},"95":{"start":{"line":180,"column":2},"end":{"line":180,"column":29}},"96":{"start":{"line":181,"column":2},"end":{"line":181,"column":22}},"97":{"start":{"line":182,"column":2},"end":{"line":182,"column":20}},"98":{"start":{"line":183,"column":2},"end":{"line":188,"column":3}},"99":{"start":{"line":184,"column":15},"end":{"line":184,"column":47}},"100":{"start":{"line":185,"column":4},"end":{"line":185,"column":18}},"101":{"start":{"line":187,"column":4},"end":{"line":187,"column":14}},"102":{"start":{"line":192,"column":15},"end":{"line":192,"column":301}},"103":{"start":{"line":193,"column":17},"end":{"line":193,"column":19}},"104":{"start":{"line":195,"column":2},"end":{"line":195,"column":27}},"105":{"start":{"line":196,"column":2},"end":{"line":196,"column":22}},"106":{"start":{"line":197,"column":2},"end":{"line":197,"column":20}},"107":{"start":{"line":198,"column":2},"end":{"line":203,"column":3}},"108":{"start":{"line":199,"column":15},"end":{"line":199,"column":47}},"109":{"start":{"line":200,"column":4},"end":{"line":200,"column":18}},"110":{"start":{"line":202,"column":4},"end":{"line":202,"column":14}},"111":{"start":{"line":207,"column":15},"end":{"line":207,"column":241}},"112":{"start":{"line":208,"column":17},"end":{"line":208,"column":19}},"113":{"start":{"line":210,"column":2},"end":{"line":210,"column":24}},"114":{"start":{"line":211,"column":2},"end":{"line":211,"column":22}},"115":{"start":{"line":212,"column":2},"end":{"line":212,"column":20}},"116":{"start":{"line":213,"column":2},"end":{"line":218,"column":3}},"117":{"start":{"line":214,"column":15},"end":{"line":214,"column":47}},"118":{"start":{"line":215,"column":4},"end":{"line":215,"column":18}},"119":{"start":{"line":217,"column":4},"end":{"line":217,"column":14}},"120":{"start":{"line":222,"column":15},"end":{"line":222,"column":417}},"121":{"start":{"line":223,"column":17},"end":{"line":223,"column":19}},"122":{"start":{"line":224,"column":2},"end":{"line":224,"column":22}},"123":{"start":{"line":225,"column":2},"end":{"line":225,"column":20}},"124":{"start":{"line":226,"column":2},"end":{"line":231,"column":3}},"125":{"start":{"line":227,"column":15},"end":{"line":227,"column":47}},"126":{"start":{"line":228,"column":4},"end":{"line":228,"column":18}},"127":{"start":{"line":230,"column":4},"end":{"line":230,"column":14}},"128":{"start":{"line":235,"column":15},"end":{"line":235,"column":405}},"129":{"start":{"line":236,"column":17},"end":{"line":236,"column":19}},"130":{"start":{"line":237,"column":2},"end":{"line":237,"column":24}},"131":{"start":{"line":238,"column":2},"end":{"line":238,"column":22}},"132":{"start":{"line":239,"column":2},"end":{"line":239,"column":20}},"133":{"start":{"line":240,"column":2},"end":{"line":240,"column":21}},"134":{"start":{"line":241,"column":2},"end":{"line":246,"column":3}},"135":{"start":{"line":242,"column":15},"end":{"line":242,"column":47}},"136":{"start":{"line":243,"column":4},"end":{"line":243,"column":18}},"137":{"start":{"line":245,"column":4},"end":{"line":245,"column":14}},"138":{"start":{"line":249,"column":15},"end":{"line":249,"column":466}},"139":{"start":{"line":250,"column":17},"end":{"line":250,"column":19}},"140":{"start":{"line":251,"column":2},"end":{"line":251,"column":29}},"141":{"start":{"line":252,"column":2},"end":{"line":252,"column":22}},"142":{"start":{"line":253,"column":2},"end":{"line":253,"column":20}},"143":{"start":{"line":254,"column":2},"end":{"line":254,"column":21}},"144":{"start":{"line":255,"column":2},"end":{"line":260,"column":3}},"145":{"start":{"line":256,"column":15},"end":{"line":256,"column":47}},"146":{"start":{"line":257,"column":4},"end":{"line":257,"column":18}},"147":{"start":{"line":259,"column":4},"end":{"line":259,"column":14}},"148":{"start":{"line":264,"column":15},"end":{"line":264,"column":322}},"149":{"start":{"line":265,"column":17},"end":{"line":265,"column":19}},"150":{"start":{"line":267,"column":2},"end":{"line":267,"column":27}},"151":{"start":{"line":268,"column":2},"end":{"line":268,"column":22}},"152":{"start":{"line":269,"column":2},"end":{"line":269,"column":20}},"153":{"start":{"line":270,"column":2},"end":{"line":270,"column":21}},"154":{"start":{"line":271,"column":2},"end":{"line":276,"column":3}},"155":{"start":{"line":272,"column":15},"end":{"line":272,"column":47}},"156":{"start":{"line":273,"column":4},"end":{"line":273,"column":18}},"157":{"start":{"line":275,"column":4},"end":{"line":275,"column":14}},"158":{"start":{"line":280,"column":15},"end":{"line":280,"column":262}},"159":{"start":{"line":281,"column":17},"end":{"line":281,"column":19}},"160":{"start":{"line":283,"column":2},"end":{"line":283,"column":24}},"161":{"start":{"line":284,"column":2},"end":{"line":284,"column":22}},"162":{"start":{"line":285,"column":2},"end":{"line":285,"column":20}},"163":{"start":{"line":286,"column":2},"end":{"line":286,"column":21}},"164":{"start":{"line":287,"column":2},"end":{"line":292,"column":3}},"165":{"start":{"line":288,"column":15},"end":{"line":288,"column":47}},"166":{"start":{"line":289,"column":4},"end":{"line":289,"column":18}},"167":{"start":{"line":291,"column":4},"end":{"line":291,"column":14}},"168":{"start":{"line":296,"column":15},"end":{"line":296,"column":439}},"169":{"start":{"line":297,"column":17},"end":{"line":297,"column":19}},"170":{"start":{"line":298,"column":2},"end":{"line":298,"column":22}},"171":{"start":{"line":299,"column":2},"end":{"line":299,"column":20}},"172":{"start":{"line":300,"column":2},"end":{"line":300,"column":21}},"173":{"start":{"line":301,"column":2},"end":{"line":306,"column":3}},"174":{"start":{"line":302,"column":15},"end":{"line":302,"column":47}},"175":{"start":{"line":303,"column":4},"end":{"line":303,"column":18}},"176":{"start":{"line":305,"column":4},"end":{"line":305,"column":14}},"177":{"start":{"line":310,"column":15},"end":{"line":310,"column":60}},"178":{"start":{"line":311,"column":17},"end":{"line":311,"column":19}},"179":{"start":{"line":312,"column":2},"end":{"line":312,"column":24}},"180":{"start":{"line":314,"column":2},"end":{"line":319,"column":3}},"181":{"start":{"line":315,"column":15},"end":{"line":315,"column":47}},"182":{"start":{"line":316,"column":4},"end":{"line":316,"column":18}},"183":{"start":{"line":318,"column":4},"end":{"line":318,"column":14}},"184":{"start":{"line":322,"column":15},"end":{"line":322,"column":173}},"185":{"start":{"line":323,"column":17},"end":{"line":323,"column":19}},"186":{"start":{"line":324,"column":2},"end":{"line":324,"column":22}},"187":{"start":{"line":325,"column":2},"end":{"line":325,"column":24}},"188":{"start":{"line":326,"column":2},"end":{"line":331,"column":3}},"189":{"start":{"line":327,"column":15},"end":{"line":327,"column":47}},"190":{"start":{"line":328,"column":4},"end":{"line":328,"column":18}},"191":{"start":{"line":330,"column":4},"end":{"line":330,"column":14}},"192":{"start":{"line":334,"column":15},"end":{"line":334,"column":189}},"193":{"start":{"line":335,"column":17},"end":{"line":335,"column":19}},"194":{"start":{"line":336,"column":2},"end":{"line":336,"column":22}},"195":{"start":{"line":337,"column":2},"end":{"line":337,"column":24}},"196":{"start":{"line":338,"column":2},"end":{"line":338,"column":21}},"197":{"start":{"line":339,"column":2},"end":{"line":344,"column":3}},"198":{"start":{"line":340,"column":15},"end":{"line":340,"column":47}},"199":{"start":{"line":341,"column":4},"end":{"line":341,"column":18}},"200":{"start":{"line":343,"column":4},"end":{"line":343,"column":14}},"201":{"start":{"line":348,"column":15},"end":{"line":348,"column":314}},"202":{"start":{"line":349,"column":17},"end":{"line":349,"column":19}},"203":{"start":{"line":351,"column":2},"end":{"line":351,"column":27}},"204":{"start":{"line":352,"column":2},"end":{"line":352,"column":22}},"205":{"start":{"line":353,"column":2},"end":{"line":353,"column":20}},"206":{"start":{"line":354,"column":2},"end":{"line":359,"column":3}},"207":{"start":{"line":355,"column":15},"end":{"line":355,"column":47}},"208":{"start":{"line":356,"column":4},"end":{"line":356,"column":18}},"209":{"start":{"line":358,"column":4},"end":{"line":358,"column":14}},"210":{"start":{"line":362,"column":15},"end":{"line":362,"column":376}},"211":{"start":{"line":363,"column":17},"end":{"line":363,"column":19}},"212":{"start":{"line":364,"column":2},"end":{"line":364,"column":24}},"213":{"start":{"line":365,"column":2},"end":{"line":365,"column":22}},"214":{"start":{"line":366,"column":2},"end":{"line":366,"column":20}},"215":{"start":{"line":367,"column":2},"end":{"line":372,"column":3}},"216":{"start":{"line":368,"column":15},"end":{"line":368,"column":47}},"217":{"start":{"line":369,"column":4},"end":{"line":369,"column":18}},"218":{"start":{"line":371,"column":4},"end":{"line":371,"column":14}},"219":{"start":{"line":376,"column":15},"end":{"line":376,"column":437}},"220":{"start":{"line":377,"column":17},"end":{"line":377,"column":19}},"221":{"start":{"line":378,"column":2},"end":{"line":378,"column":29}},"222":{"start":{"line":379,"column":2},"end":{"line":379,"column":22}},"223":{"start":{"line":380,"column":2},"end":{"line":380,"column":20}},"224":{"start":{"line":381,"column":2},"end":{"line":386,"column":3}},"225":{"start":{"line":382,"column":15},"end":{"line":382,"column":47}},"226":{"start":{"line":383,"column":4},"end":{"line":383,"column":18}},"227":{"start":{"line":385,"column":4},"end":{"line":385,"column":14}},"228":{"start":{"line":390,"column":15},"end":{"line":390,"column":411}},"229":{"start":{"line":391,"column":17},"end":{"line":391,"column":19}},"230":{"start":{"line":392,"column":2},"end":{"line":392,"column":22}},"231":{"start":{"line":393,"column":2},"end":{"line":393,"column":20}},"232":{"start":{"line":394,"column":2},"end":{"line":399,"column":3}},"233":{"start":{"line":395,"column":15},"end":{"line":395,"column":47}},"234":{"start":{"line":396,"column":4},"end":{"line":396,"column":18}},"235":{"start":{"line":398,"column":4},"end":{"line":398,"column":14}},"236":{"start":{"line":403,"column":15},"end":{"line":403,"column":337}},"237":{"start":{"line":404,"column":17},"end":{"line":404,"column":19}},"238":{"start":{"line":406,"column":2},"end":{"line":406,"column":27}},"239":{"start":{"line":407,"column":2},"end":{"line":407,"column":22}},"240":{"start":{"line":408,"column":2},"end":{"line":408,"column":20}},"241":{"start":{"line":409,"column":2},"end":{"line":409,"column":21}},"242":{"start":{"line":410,"column":2},"end":{"line":415,"column":3}},"243":{"start":{"line":411,"column":15},"end":{"line":411,"column":47}},"244":{"start":{"line":412,"column":4},"end":{"line":412,"column":18}},"245":{"start":{"line":414,"column":4},"end":{"line":414,"column":14}},"246":{"start":{"line":418,"column":15},"end":{"line":418,"column":398}},"247":{"start":{"line":419,"column":17},"end":{"line":419,"column":19}},"248":{"start":{"line":420,"column":2},"end":{"line":420,"column":24}},"249":{"start":{"line":421,"column":2},"end":{"line":421,"column":22}},"250":{"start":{"line":422,"column":2},"end":{"line":422,"column":20}},"251":{"start":{"line":423,"column":2},"end":{"line":423,"column":21}},"252":{"start":{"line":424,"column":2},"end":{"line":429,"column":3}},"253":{"start":{"line":425,"column":15},"end":{"line":425,"column":47}},"254":{"start":{"line":426,"column":4},"end":{"line":426,"column":18}},"255":{"start":{"line":428,"column":4},"end":{"line":428,"column":14}},"256":{"start":{"line":433,"column":15},"end":{"line":433,"column":458}},"257":{"start":{"line":434,"column":17},"end":{"line":434,"column":19}},"258":{"start":{"line":435,"column":2},"end":{"line":435,"column":29}},"259":{"start":{"line":436,"column":2},"end":{"line":436,"column":22}},"260":{"start":{"line":437,"column":2},"end":{"line":437,"column":20}},"261":{"start":{"line":438,"column":2},"end":{"line":438,"column":21}},"262":{"start":{"line":439,"column":2},"end":{"line":444,"column":3}},"263":{"start":{"line":440,"column":15},"end":{"line":440,"column":47}},"264":{"start":{"line":441,"column":4},"end":{"line":441,"column":18}},"265":{"start":{"line":443,"column":4},"end":{"line":443,"column":14}},"266":{"start":{"line":448,"column":15},"end":{"line":448,"column":433}},"267":{"start":{"line":449,"column":17},"end":{"line":449,"column":19}},"268":{"start":{"line":450,"column":2},"end":{"line":450,"column":22}},"269":{"start":{"line":451,"column":2},"end":{"line":451,"column":20}},"270":{"start":{"line":452,"column":2},"end":{"line":452,"column":21}},"271":{"start":{"line":453,"column":2},"end":{"line":458,"column":3}},"272":{"start":{"line":454,"column":15},"end":{"line":454,"column":47}},"273":{"start":{"line":455,"column":4},"end":{"line":455,"column":18}},"274":{"start":{"line":457,"column":4},"end":{"line":457,"column":14}},"275":{"start":{"line":463,"column":0},"end":{"line":463,"column":28}}},"fnMap":{"0":{"name":"(anonymous_0)","decl":{"start":{"line":13,"column":2},"end":{"line":13,"column":3}},"loc":{"start":{"line":13,"column":15},"end":{"line":16,"column":3}},"line":13},"1":{"name":"(anonymous_1)","decl":{"start":{"line":18,"column":0},"end":{"line":18,"column":1}},"loc":{"start":{"line":18,"column":18},"end":{"line":18,"column":40}},"line":18},"2":{"name":"(anonymous_2)","decl":{"start":{"line":21,"column":0},"end":{"line":21,"column":1}},"loc":{"start":{"line":21,"column":36},"end":{"line":37,"column":1}},"line":21},"3":{"name":"(anonymous_3)","decl":{"start":{"line":40,"column":0},"end":{"line":40,"column":1}},"loc":{"start":{"line":40,"column":21},"end":{"line":53,"column":1}},"line":40},"4":{"name":"(anonymous_4)","decl":{"start":{"line":57,"column":0},"end":{"line":57,"column":1}},"loc":{"start":{"line":57,"column":28},"end":{"line":68,"column":1}},"line":57},"5":{"name":"(anonymous_5)","decl":{"start":{"line":69,"column":0},"end":{"line":69,"column":1}},"loc":{"start":{"line":69,"column":33},"end":{"line":80,"column":1}},"line":69},"6":{"name":"(anonymous_6)","decl":{"start":{"line":82,"column":0},"end":{"line":82,"column":1}},"loc":{"start":{"line":82,"column":28},"end":{"line":92,"column":1}},"line":82},"7":{"name":"(anonymous_7)","decl":{"start":{"line":94,"column":0},"end":{"line":94,"column":1}},"loc":{"start":{"line":94,"column":33},"end":{"line":104,"column":1}},"line":94},"8":{"name":"(anonymous_8)","decl":{"start":{"line":106,"column":0},"end":{"line":106,"column":1}},"loc":{"start":{"line":106,"column":25},"end":{"line":116,"column":1}},"line":106},"9":{"name":"(anonymous_9)","decl":{"start":{"line":119,"column":0},"end":{"line":119,"column":1}},"loc":{"start":{"line":119,"column":43},"end":{"line":134,"column":1}},"line":119},"10":{"name":"(anonymous_10)","decl":{"start":{"line":136,"column":0},"end":{"line":136,"column":1}},"loc":{"start":{"line":136,"column":31},"end":{"line":149,"column":1}},"line":136},"11":{"name":"(anonymous_11)","decl":{"start":{"line":152,"column":0},"end":{"line":152,"column":1}},"loc":{"start":{"line":152,"column":18},"end":{"line":162,"column":1}},"line":152},"12":{"name":"(anonymous_12)","decl":{"start":{"line":164,"column":0},"end":{"line":164,"column":1}},"loc":{"start":{"line":164,"column":46},"end":{"line":176,"column":1}},"line":164},"13":{"name":"(anonymous_13)","decl":{"start":{"line":177,"column":0},"end":{"line":177,"column":1}},"loc":{"start":{"line":177,"column":56},"end":{"line":189,"column":1}},"line":177},"14":{"name":"(anonymous_14)","decl":{"start":{"line":191,"column":0},"end":{"line":191,"column":1}},"loc":{"start":{"line":191,"column":52},"end":{"line":204,"column":1}},"line":191},"15":{"name":"(anonymous_15)","decl":{"start":{"line":206,"column":0},"end":{"line":206,"column":1}},"loc":{"start":{"line":206,"column":54},"end":{"line":219,"column":1}},"line":206},"16":{"name":"(anonymous_16)","decl":{"start":{"line":221,"column":0},"end":{"line":221,"column":1}},"loc":{"start":{"line":221,"column":47},"end":{"line":232,"column":1}},"line":221},"17":{"name":"(anonymous_17)","decl":{"start":{"line":234,"column":0},"end":{"line":234,"column":1}},"loc":{"start":{"line":234,"column":58},"end":{"line":247,"column":1}},"line":234},"18":{"name":"(anonymous_18)","decl":{"start":{"line":248,"column":0},"end":{"line":248,"column":1}},"loc":{"start":{"line":248,"column":68},"end":{"line":261,"column":1}},"line":248},"19":{"name":"(anonymous_19)","decl":{"start":{"line":263,"column":0},"end":{"line":263,"column":1}},"loc":{"start":{"line":263,"column":64},"end":{"line":277,"column":1}},"line":263},"20":{"name":"(anonymous_20)","decl":{"start":{"line":279,"column":0},"end":{"line":279,"column":1}},"loc":{"start":{"line":279,"column":66},"end":{"line":293,"column":1}},"line":279},"21":{"name":"(anonymous_21)","decl":{"start":{"line":295,"column":0},"end":{"line":295,"column":1}},"loc":{"start":{"line":295,"column":59},"end":{"line":307,"column":1}},"line":295},"22":{"name":"(anonymous_22)","decl":{"start":{"line":309,"column":0},"end":{"line":309,"column":1}},"loc":{"start":{"line":309,"column":27},"end":{"line":320,"column":1}},"line":309},"23":{"name":"(anonymous_23)","decl":{"start":{"line":321,"column":0},"end":{"line":321,"column":1}},"loc":{"start":{"line":321,"column":48},"end":{"line":332,"column":1}},"line":321},"24":{"name":"(anonymous_24)","decl":{"start":{"line":333,"column":0},"end":{"line":333,"column":1}},"loc":{"start":{"line":333,"column":60},"end":{"line":345,"column":1}},"line":333},"25":{"name":"(anonymous_25)","decl":{"start":{"line":347,"column":0},"end":{"line":347,"column":1}},"loc":{"start":{"line":347,"column":57},"end":{"line":360,"column":1}},"line":347},"26":{"name":"(anonymous_26)","decl":{"start":{"line":361,"column":0},"end":{"line":361,"column":1}},"loc":{"start":{"line":361,"column":51},"end":{"line":373,"column":1}},"line":361},"27":{"name":"(anonymous_27)","decl":{"start":{"line":375,"column":0},"end":{"line":375,"column":1}},"loc":{"start":{"line":375,"column":61},"end":{"line":387,"column":1}},"line":375},"28":{"name":"(anonymous_28)","decl":{"start":{"line":389,"column":0},"end":{"line":389,"column":1}},"loc":{"start":{"line":389,"column":52},"end":{"line":400,"column":1}},"line":389},"29":{"name":"(anonymous_29)","decl":{"start":{"line":402,"column":0},"end":{"line":402,"column":1}},"loc":{"start":{"line":402,"column":69},"end":{"line":416,"column":1}},"line":402},"30":{"name":"(anonymous_30)","decl":{"start":{"line":417,"column":0},"end":{"line":417,"column":1}},"loc":{"start":{"line":417,"column":63},"end":{"line":430,"column":1}},"line":417},"31":{"name":"(anonymous_31)","decl":{"start":{"line":432,"column":0},"end":{"line":432,"column":1}},"loc":{"start":{"line":432,"column":73},"end":{"line":445,"column":1}},"line":432},"32":{"name":"(anonymous_32)","decl":{"start":{"line":447,"column":0},"end":{"line":447,"column":1}},"loc":{"start":{"line":447,"column":64},"end":{"line":459,"column":1}},"line":447}},"branchMap":{},"s":{"0":1,"1":1,"2":1,"3":1,"4":1,"5":1,"6":1,"7":1,"8":1,"9":1,"10":1,"11":1,"12":1,"13":1,"14":0,"15":1,"16":2,"17":2,"18":2,"19":2,"20":2,"21":2,"22":0,"23":2,"24":2,"25":2,"26":2,"27":2,"28":2,"29":2,"30":0,"31":1,"32":1,"33":1,"34":1,"35":1,"36":1,"37":1,"38":0,"39":2,"40":2,"41":2,"42":2,"43":2,"44":2,"45":0,"46":1,"47":1,"48":1,"49":1,"50":1,"51":1,"52":0,"53":1,"54":1,"55":1,"56":1,"57":1,"58":1,"59":0,"60":1,"61":1,"62":1,"63":1,"64":1,"65":1,"66":1,"67":1,"68":0,"69":1,"70":0,"71":0,"72":0,"73":0,"74":0,"75":0,"76":0,"77":0,"78":1,"79":1,"80":1,"81":1,"82":1,"83":0,"84":2,"85":2,"86":2,"87":2,"88":2,"89":2,"90":2,"91":2,"92":0,"93":2,"94":2,"95":2,"96":2,"97":2,"98":2,"99":2,"100":2,"101":0,"102":2,"103":2,"104":2,"105":2,"106":2,"107":2,"108":2,"109":2,"110":0,"111":2,"112":2,"113":2,"114":2,"115":2,"116":2,"117":2,"118":2,"119":0,"120":1,"121":1,"122":1,"123":1,"124":1,"125":1,"126":1,"127":0,"128":1,"129":1,"130":1,"131":1,"132":1,"133":1,"134":1,"135":1,"136":1,"137":0,"138":1,"139":1,"140":1,"141":1,"142":1,"143":1,"144":1,"145":1,"146":1,"147":0,"148":1,"149":1,"150":1,"151":1,"152":1,"153":1,"154":1,"155":1,"156":1,"157":0,"158":1,"159":1,"160":1,"161":1,"162":1,"163":1,"164":1,"165":1,"166":1,"167":0,"168":1,"169":1,"170":1,"171":1,"172":1,"173":1,"174":1,"175":1,"176":0,"177":2,"178":2,"179":2,"180":2,"181":2,"182":2,"183":0,"184":1,"185":1,"186":1,"187":1,"188":1,"189":1,"190":1,"191":0,"192":1,"193":1,"194":1,"195":1,"196":1,"197":1,"198":1,"199":1,"200":0,"201":1,"202":1,"203":1,"204":1,"205":1,"206":1,"207":1,"208":1,"209":0,"210":1,"211":1,"212":1,"213":1,"214":1,"215":1,"216":1,"217":1,"218":0,"219":1,"220":1,"221":1,"222":1,"223":1,"224":1,"225":1,"226":1,"227":0,"228":1,"229":1,"230":1,"231":1,"232":1,"233":1,"234":1,"235":0,"236":1,"237":1,"238":1,"239":1,"240":1,"241":1,"242":1,"243":1,"244":1,"245":0,"246":1,"247":1,"248":1,"249":1,"250":1,"251":1,"252":1,"253":1,"254":1,"255":0,"256":1,"257":1,"258":1,"259":1,"260":1,"261":1,"262":1,"263":1,"264":1,"265":0,"266":1,"267":1,"268":1,"269":1,"270":1,"271":1,"272":1,"273":1,"274":0,"275":1},"f":{"0":1,"1":1,"2":1,"3":2,"4":2,"5":1,"6":2,"7":1,"8":1,"9":1,"10":0,"11":1,"12":2,"13":2,"14":2,"15":2,"16":1,"17":1,"18":1,"19":1,"20":1,"21":1,"22":2,"23":1,"24":1,"25":1,"26":1,"27":1,"28":1,"29":1,"30":1,"31":1,"32":1},"b":{},"_coverageSchema":"1a1c01bbd47fc00a2c39e90264f33305004495a9","hash":"0acd230961ba04ca97745d578ffacc2f280cbd4b"}
,"C:\\Users\\cpvdm\\OneDrive\\Documents\\GitHub\\Harvest\\Server\\stalkoverflow-api.js": {"path":"C:\\Users\\cpvdm\\OneDrive\\Documents\\GitHub\\Harvest\\Server\\stalkoverflow-api.js","statementMap":{"0":{"start":{"line":1,"column":16},"end":{"line":1,"column":36}},"1":{"start":{"line":3,"column":21},"end":{"line":3,"column":49}},"2":{"start":{"line":4,"column":14},"end":{"line":4,"column":32}},"3":{"start":{"line":7,"column":4},"end":{"line":7,"column":34}},"4":{"start":{"line":12,"column":22},"end":{"line":12,"column":44}},"5":{"start":{"line":14,"column":8},"end":{"line":16,"column":9}},"6":{"start":{"line":15,"column":12},"end":{"line":15,"column":49}},"7":{"start":{"line":18,"column":8},"end":{"line":18,"column":46}},"8":{"start":{"line":20,"column":8},"end":{"line":33,"column":9}},"9":{"start":{"line":22,"column":16},"end":{"line":22,"column":51}},"10":{"start":{"line":23,"column":16},"end":{"line":23,"column":23}},"11":{"start":{"line":25,"column":16},"end":{"line":25,"column":51}},"12":{"start":{"line":26,"column":16},"end":{"line":26,"column":23}},"13":{"start":{"line":28,"column":16},"end":{"line":28,"column":50}},"14":{"start":{"line":29,"column":16},"end":{"line":29,"column":23}},"15":{"start":{"line":31,"column":16},"end":{"line":31,"column":53}},"16":{"start":{"line":32,"column":16},"end":{"line":32,"column":23}},"17":{"start":{"line":35,"column":8},"end":{"line":35,"column":24}},"18":{"start":{"line":36,"column":8},"end":{"line":36,"column":51}},"19":{"start":{"line":40,"column":22},"end":{"line":40,"column":44}},"20":{"start":{"line":42,"column":8},"end":{"line":44,"column":9}},"21":{"start":{"line":43,"column":12},"end":{"line":43,"column":49}},"22":{"start":{"line":46,"column":8},"end":{"line":46,"column":46}},"23":{"start":{"line":48,"column":8},"end":{"line":73,"column":9}},"24":{"start":{"line":50,"column":16},"end":{"line":50,"column":52}},"25":{"start":{"line":51,"column":16},"end":{"line":51,"column":23}},"26":{"start":{"line":53,"column":16},"end":{"line":53,"column":57}},"27":{"start":{"line":54,"column":16},"end":{"line":54,"column":23}},"28":{"start":{"line":56,"column":16},"end":{"line":56,"column":54}},"29":{"start":{"line":57,"column":16},"end":{"line":57,"column":23}},"30":{"start":{"line":59,"column":16},"end":{"line":59,"column":53}},"31":{"start":{"line":60,"column":16},"end":{"line":60,"column":23}},"32":{"start":{"line":62,"column":16},"end":{"line":62,"column":47}},"33":{"start":{"line":63,"column":16},"end":{"line":63,"column":23}},"34":{"start":{"line":65,"column":16},"end":{"line":65,"column":57}},"35":{"start":{"line":66,"column":16},"end":{"line":66,"column":23}},"36":{"start":{"line":68,"column":16},"end":{"line":68,"column":50}},"37":{"start":{"line":69,"column":16},"end":{"line":69,"column":23}},"38":{"start":{"line":71,"column":16},"end":{"line":71,"column":54}},"39":{"start":{"line":72,"column":16},"end":{"line":72,"column":22}},"40":{"start":{"line":75,"column":8},"end":{"line":75,"column":24}},"41":{"start":{"line":76,"column":8},"end":{"line":76,"column":51}},"42":{"start":{"line":86,"column":8},"end":{"line":99,"column":9}},"43":{"start":{"line":87,"column":12},"end":{"line":87,"column":77}},"44":{"start":{"line":87,"column":40},"end":{"line":87,"column":77}},"45":{"start":{"line":88,"column":12},"end":{"line":88,"column":83}},"46":{"start":{"line":88,"column":44},"end":{"line":88,"column":83}},"47":{"start":{"line":89,"column":12},"end":{"line":89,"column":74}},"48":{"start":{"line":89,"column":38},"end":{"line":89,"column":74}},"49":{"start":{"line":91,"column":12},"end":{"line":91,"column":89}},"50":{"start":{"line":91,"column":47},"end":{"line":91,"column":89}},"51":{"start":{"line":92,"column":12},"end":{"line":92,"column":93}},"52":{"start":{"line":92,"column":49},"end":{"line":92,"column":93}},"53":{"start":{"line":93,"column":12},"end":{"line":93,"column":84}},"54":{"start":{"line":93,"column":43},"end":{"line":93,"column":84}},"55":{"start":{"line":96,"column":12},"end":{"line":96,"column":37}},"56":{"start":{"line":97,"column":12},"end":{"line":97,"column":28}},"57":{"start":{"line":98,"column":12},"end":{"line":98,"column":51}},"58":{"start":{"line":102,"column":8},"end":{"line":111,"column":9}},"59":{"start":{"line":103,"column":25},"end":{"line":103,"column":69}},"60":{"start":{"line":104,"column":12},"end":{"line":104,"column":43}},"61":{"start":{"line":105,"column":12},"end":{"line":105,"column":28}},"62":{"start":{"line":106,"column":12},"end":{"line":106,"column":32}},"63":{"start":{"line":108,"column":12},"end":{"line":108,"column":39}},"64":{"start":{"line":109,"column":12},"end":{"line":109,"column":28}},"65":{"start":{"line":110,"column":12},"end":{"line":110,"column":50}},"66":{"start":{"line":117,"column":8},"end":{"line":126,"column":9}},"67":{"start":{"line":118,"column":12},"end":{"line":118,"column":77}},"68":{"start":{"line":118,"column":40},"end":{"line":118,"column":77}},"69":{"start":{"line":120,"column":12},"end":{"line":120,"column":89}},"70":{"start":{"line":120,"column":47},"end":{"line":120,"column":89}},"71":{"start":{"line":123,"column":12},"end":{"line":123,"column":37}},"72":{"start":{"line":124,"column":12},"end":{"line":124,"column":28}},"73":{"start":{"line":125,"column":12},"end":{"line":125,"column":51}},"74":{"start":{"line":129,"column":8},"end":{"line":144,"column":9}},"75":{"start":{"line":130,"column":25},"end":{"line":130,"column":52}},"76":{"start":{"line":131,"column":12},"end":{"line":131,"column":43}},"77":{"start":{"line":133,"column":12},"end":{"line":139,"column":13}},"78":{"start":{"line":134,"column":16},"end":{"line":134,"column":32}},"79":{"start":{"line":135,"column":16},"end":{"line":135,"column":36}},"80":{"start":{"line":137,"column":16},"end":{"line":137,"column":32}},"81":{"start":{"line":138,"column":16},"end":{"line":138,"column":43}},"82":{"start":{"line":141,"column":12},"end":{"line":141,"column":39}},"83":{"start":{"line":142,"column":12},"end":{"line":142,"column":28}},"84":{"start":{"line":143,"column":12},"end":{"line":143,"column":50}},"85":{"start":{"line":153,"column":8},"end":{"line":167,"column":9}},"86":{"start":{"line":154,"column":12},"end":{"line":154,"column":77}},"87":{"start":{"line":154,"column":40},"end":{"line":154,"column":77}},"88":{"start":{"line":155,"column":12},"end":{"line":155,"column":89}},"89":{"start":{"line":155,"column":44},"end":{"line":155,"column":89}},"90":{"start":{"line":156,"column":12},"end":{"line":156,"column":83}},"91":{"start":{"line":156,"column":40},"end":{"line":156,"column":83}},"92":{"start":{"line":157,"column":12},"end":{"line":157,"column":80}},"93":{"start":{"line":157,"column":38},"end":{"line":157,"column":80}},"94":{"start":{"line":159,"column":12},"end":{"line":159,"column":89}},"95":{"start":{"line":159,"column":47},"end":{"line":159,"column":89}},"96":{"start":{"line":160,"column":12},"end":{"line":160,"column":93}},"97":{"start":{"line":160,"column":49},"end":{"line":160,"column":93}},"98":{"start":{"line":161,"column":12},"end":{"line":161,"column":87}},"99":{"start":{"line":161,"column":46},"end":{"line":161,"column":87}},"100":{"start":{"line":162,"column":12},"end":{"line":162,"column":142}},"101":{"start":{"line":162,"column":100},"end":{"line":162,"column":142}},"102":{"start":{"line":164,"column":12},"end":{"line":164,"column":37}},"103":{"start":{"line":165,"column":12},"end":{"line":165,"column":28}},"104":{"start":{"line":166,"column":12},"end":{"line":166,"column":51}},"105":{"start":{"line":170,"column":8},"end":{"line":185,"column":9}},"106":{"start":{"line":171,"column":25},"end":{"line":171,"column":76}},"107":{"start":{"line":172,"column":12},"end":{"line":172,"column":43}},"108":{"start":{"line":174,"column":12},"end":{"line":180,"column":13}},"109":{"start":{"line":175,"column":16},"end":{"line":175,"column":32}},"110":{"start":{"line":176,"column":16},"end":{"line":176,"column":36}},"111":{"start":{"line":178,"column":16},"end":{"line":178,"column":32}},"112":{"start":{"line":179,"column":16},"end":{"line":179,"column":36}},"113":{"start":{"line":182,"column":12},"end":{"line":182,"column":39}},"114":{"start":{"line":183,"column":12},"end":{"line":183,"column":28}},"115":{"start":{"line":184,"column":12},"end":{"line":184,"column":50}},"116":{"start":{"line":192,"column":8},"end":{"line":202,"column":9}},"117":{"start":{"line":193,"column":12},"end":{"line":193,"column":77}},"118":{"start":{"line":193,"column":40},"end":{"line":193,"column":77}},"119":{"start":{"line":194,"column":12},"end":{"line":194,"column":80}},"120":{"start":{"line":194,"column":42},"end":{"line":194,"column":80}},"121":{"start":{"line":196,"column":12},"end":{"line":196,"column":89}},"122":{"start":{"line":196,"column":47},"end":{"line":196,"column":89}},"123":{"start":{"line":197,"column":12},"end":{"line":197,"column":91}},"124":{"start":{"line":197,"column":48},"end":{"line":197,"column":91}},"125":{"start":{"line":199,"column":12},"end":{"line":199,"column":37}},"126":{"start":{"line":200,"column":12},"end":{"line":200,"column":28}},"127":{"start":{"line":201,"column":12},"end":{"line":201,"column":51}},"128":{"start":{"line":205,"column":8},"end":{"line":220,"column":9}},"129":{"start":{"line":206,"column":25},"end":{"line":206,"column":63}},"130":{"start":{"line":207,"column":12},"end":{"line":207,"column":43}},"131":{"start":{"line":209,"column":12},"end":{"line":215,"column":13}},"132":{"start":{"line":210,"column":16},"end":{"line":210,"column":32}},"133":{"start":{"line":211,"column":16},"end":{"line":211,"column":36}},"134":{"start":{"line":213,"column":16},"end":{"line":213,"column":32}},"135":{"start":{"line":214,"column":16},"end":{"line":214,"column":43}},"136":{"start":{"line":217,"column":12},"end":{"line":217,"column":39}},"137":{"start":{"line":218,"column":12},"end":{"line":218,"column":28}},"138":{"start":{"line":219,"column":12},"end":{"line":219,"column":50}},"139":{"start":{"line":229,"column":8},"end":{"line":246,"column":9}},"140":{"start":{"line":230,"column":12},"end":{"line":238,"column":13}},"141":{"start":{"line":231,"column":16},"end":{"line":231,"column":97}},"142":{"start":{"line":231,"column":54},"end":{"line":231,"column":97}},"143":{"start":{"line":232,"column":16},"end":{"line":232,"column":103}},"144":{"start":{"line":232,"column":58},"end":{"line":232,"column":103}},"145":{"start":{"line":233,"column":16},"end":{"line":233,"column":44}},"146":{"start":{"line":235,"column":16},"end":{"line":235,"column":93}},"147":{"start":{"line":235,"column":50},"end":{"line":235,"column":93}},"148":{"start":{"line":236,"column":16},"end":{"line":236,"column":99}},"149":{"start":{"line":236,"column":54},"end":{"line":236,"column":99}},"150":{"start":{"line":237,"column":16},"end":{"line":237,"column":40}},"151":{"start":{"line":240,"column":12},"end":{"line":240,"column":89}},"152":{"start":{"line":240,"column":47},"end":{"line":240,"column":89}},"153":{"start":{"line":241,"column":12},"end":{"line":241,"column":93}},"154":{"start":{"line":241,"column":49},"end":{"line":241,"column":93}},"155":{"start":{"line":243,"column":12},"end":{"line":243,"column":37}},"156":{"start":{"line":244,"column":12},"end":{"line":244,"column":28}},"157":{"start":{"line":245,"column":12},"end":{"line":245,"column":51}},"158":{"start":{"line":249,"column":8},"end":{"line":274,"column":9}},"159":{"start":{"line":251,"column":12},"end":{"line":255,"column":13}},"160":{"start":{"line":252,"column":16},"end":{"line":252,"column":65}},"161":{"start":{"line":254,"column":16},"end":{"line":254,"column":70}},"162":{"start":{"line":256,"column":12},"end":{"line":256,"column":43}},"163":{"start":{"line":258,"column":25},"end":{"line":258,"column":43}},"164":{"start":{"line":260,"column":12},"end":{"line":269,"column":13}},"165":{"start":{"line":261,"column":16},"end":{"line":261,"column":32}},"166":{"start":{"line":262,"column":16},"end":{"line":262,"column":36}},"167":{"start":{"line":264,"column":16},"end":{"line":264,"column":32}},"168":{"start":{"line":265,"column":16},"end":{"line":268,"column":19}},"169":{"start":{"line":271,"column":12},"end":{"line":271,"column":39}},"170":{"start":{"line":272,"column":12},"end":{"line":272,"column":28}},"171":{"start":{"line":273,"column":12},"end":{"line":273,"column":50}},"172":{"start":{"line":281,"column":8},"end":{"line":295,"column":9}},"173":{"start":{"line":282,"column":12},"end":{"line":288,"column":13}},"174":{"start":{"line":283,"column":16},"end":{"line":283,"column":97}},"175":{"start":{"line":283,"column":54},"end":{"line":283,"column":97}},"176":{"start":{"line":284,"column":16},"end":{"line":284,"column":44}},"177":{"start":{"line":286,"column":16},"end":{"line":286,"column":93}},"178":{"start":{"line":286,"column":50},"end":{"line":286,"column":93}},"179":{"start":{"line":287,"column":16},"end":{"line":287,"column":40}},"180":{"start":{"line":290,"column":12},"end":{"line":290,"column":89}},"181":{"start":{"line":290,"column":47},"end":{"line":290,"column":89}},"182":{"start":{"line":292,"column":12},"end":{"line":292,"column":37}},"183":{"start":{"line":293,"column":12},"end":{"line":293,"column":28}},"184":{"start":{"line":294,"column":12},"end":{"line":294,"column":51}},"185":{"start":{"line":298,"column":8},"end":{"line":318,"column":9}},"186":{"start":{"line":300,"column":12},"end":{"line":304,"column":13}},"187":{"start":{"line":301,"column":16},"end":{"line":301,"column":60}},"188":{"start":{"line":303,"column":16},"end":{"line":303,"column":65}},"189":{"start":{"line":305,"column":12},"end":{"line":305,"column":43}},"190":{"start":{"line":307,"column":12},"end":{"line":313,"column":13}},"191":{"start":{"line":308,"column":16},"end":{"line":308,"column":32}},"192":{"start":{"line":309,"column":16},"end":{"line":309,"column":36}},"193":{"start":{"line":311,"column":16},"end":{"line":311,"column":32}},"194":{"start":{"line":312,"column":16},"end":{"line":312,"column":38}},"195":{"start":{"line":315,"column":12},"end":{"line":315,"column":39}},"196":{"start":{"line":316,"column":12},"end":{"line":316,"column":28}},"197":{"start":{"line":317,"column":12},"end":{"line":317,"column":50}},"198":{"start":{"line":322,"column":8},"end":{"line":337,"column":9}},"199":{"start":{"line":323,"column":25},"end":{"line":323,"column":49}},"200":{"start":{"line":324,"column":12},"end":{"line":324,"column":43}},"201":{"start":{"line":326,"column":12},"end":{"line":332,"column":13}},"202":{"start":{"line":327,"column":16},"end":{"line":327,"column":32}},"203":{"start":{"line":328,"column":16},"end":{"line":328,"column":36}},"204":{"start":{"line":330,"column":16},"end":{"line":330,"column":32}},"205":{"start":{"line":331,"column":16},"end":{"line":331,"column":38}},"206":{"start":{"line":334,"column":12},"end":{"line":334,"column":39}},"207":{"start":{"line":335,"column":12},"end":{"line":335,"column":28}},"208":{"start":{"line":336,"column":12},"end":{"line":336,"column":50}},"209":{"start":{"line":349,"column":8},"end":{"line":378,"column":9}},"210":{"start":{"line":350,"column":12},"end":{"line":364,"column":13}},"211":{"start":{"line":351,"column":16},"end":{"line":351,"column":97}},"212":{"start":{"line":351,"column":54},"end":{"line":351,"column":97}},"213":{"start":{"line":352,"column":16},"end":{"line":352,"column":101}},"214":{"start":{"line":352,"column":60},"end":{"line":352,"column":101}},"215":{"start":{"line":353,"column":16},"end":{"line":353,"column":97}},"216":{"start":{"line":353,"column":54},"end":{"line":353,"column":97}},"217":{"start":{"line":354,"column":16},"end":{"line":354,"column":94}},"218":{"start":{"line":354,"column":52},"end":{"line":354,"column":94}},"219":{"start":{"line":355,"column":16},"end":{"line":355,"column":100}},"220":{"start":{"line":355,"column":56},"end":{"line":355,"column":100}},"221":{"start":{"line":356,"column":16},"end":{"line":356,"column":44}},"222":{"start":{"line":358,"column":16},"end":{"line":358,"column":93}},"223":{"start":{"line":358,"column":50},"end":{"line":358,"column":93}},"224":{"start":{"line":359,"column":16},"end":{"line":359,"column":97}},"225":{"start":{"line":359,"column":56},"end":{"line":359,"column":97}},"226":{"start":{"line":360,"column":16},"end":{"line":360,"column":93}},"227":{"start":{"line":360,"column":50},"end":{"line":360,"column":93}},"228":{"start":{"line":361,"column":16},"end":{"line":361,"column":90}},"229":{"start":{"line":361,"column":48},"end":{"line":361,"column":90}},"230":{"start":{"line":362,"column":16},"end":{"line":362,"column":96}},"231":{"start":{"line":362,"column":52},"end":{"line":362,"column":96}},"232":{"start":{"line":363,"column":16},"end":{"line":363,"column":40}},"233":{"start":{"line":366,"column":12},"end":{"line":366,"column":89}},"234":{"start":{"line":366,"column":47},"end":{"line":366,"column":89}},"235":{"start":{"line":367,"column":12},"end":{"line":367,"column":113}},"236":{"start":{"line":367,"column":73},"end":{"line":367,"column":113}},"237":{"start":{"line":368,"column":12},"end":{"line":368,"column":149}},"238":{"start":{"line":368,"column":107},"end":{"line":368,"column":149}},"239":{"start":{"line":369,"column":12},"end":{"line":369,"column":184}},"240":{"start":{"line":369,"column":143},"end":{"line":369,"column":184}},"241":{"start":{"line":370,"column":12},"end":{"line":370,"column":91}},"242":{"start":{"line":370,"column":48},"end":{"line":370,"column":91}},"243":{"start":{"line":372,"column":12},"end":{"line":372,"column":39}},"244":{"start":{"line":373,"column":12},"end":{"line":373,"column":41}},"245":{"start":{"line":375,"column":12},"end":{"line":375,"column":37}},"246":{"start":{"line":376,"column":12},"end":{"line":376,"column":28}},"247":{"start":{"line":377,"column":12},"end":{"line":377,"column":51}},"248":{"start":{"line":380,"column":8},"end":{"line":390,"column":9}},"249":{"start":{"line":381,"column":33},"end":{"line":381,"column":93}},"250":{"start":{"line":382,"column":15},"end":{"line":390,"column":9}},"251":{"start":{"line":383,"column":33},"end":{"line":383,"column":97}},"252":{"start":{"line":384,"column":15},"end":{"line":390,"column":9}},"253":{"start":{"line":385,"column":33},"end":{"line":385,"column":92}},"254":{"start":{"line":386,"column":15},"end":{"line":390,"column":9}},"255":{"start":{"line":387,"column":33},"end":{"line":387,"column":95}},"256":{"start":{"line":388,"column":15},"end":{"line":390,"column":9}},"257":{"start":{"line":389,"column":33},"end":{"line":389,"column":96}},"258":{"start":{"line":396,"column":8},"end":{"line":408,"column":9}},"259":{"start":{"line":397,"column":12},"end":{"line":401,"column":13}},"260":{"start":{"line":398,"column":16},"end":{"line":398,"column":103}},"261":{"start":{"line":398,"column":58},"end":{"line":398,"column":103}},"262":{"start":{"line":400,"column":16},"end":{"line":400,"column":99}},"263":{"start":{"line":400,"column":54},"end":{"line":400,"column":99}},"264":{"start":{"line":403,"column":12},"end":{"line":403,"column":93}},"265":{"start":{"line":403,"column":49},"end":{"line":403,"column":93}},"266":{"start":{"line":405,"column":12},"end":{"line":405,"column":37}},"267":{"start":{"line":406,"column":12},"end":{"line":406,"column":28}},"268":{"start":{"line":407,"column":12},"end":{"line":407,"column":51}},"269":{"start":{"line":411,"column":8},"end":{"line":426,"column":9}},"270":{"start":{"line":412,"column":25},"end":{"line":412,"column":58}},"271":{"start":{"line":413,"column":12},"end":{"line":413,"column":43}},"272":{"start":{"line":415,"column":12},"end":{"line":421,"column":13}},"273":{"start":{"line":416,"column":16},"end":{"line":416,"column":32}},"274":{"start":{"line":417,"column":16},"end":{"line":417,"column":36}},"275":{"start":{"line":419,"column":16},"end":{"line":419,"column":32}},"276":{"start":{"line":420,"column":16},"end":{"line":420,"column":41}},"277":{"start":{"line":423,"column":12},"end":{"line":423,"column":39}},"278":{"start":{"line":424,"column":12},"end":{"line":424,"column":28}},"279":{"start":{"line":425,"column":12},"end":{"line":425,"column":50}},"280":{"start":{"line":434,"column":8},"end":{"line":451,"column":9}},"281":{"start":{"line":435,"column":12},"end":{"line":443,"column":13}},"282":{"start":{"line":436,"column":16},"end":{"line":436,"column":97}},"283":{"start":{"line":436,"column":54},"end":{"line":436,"column":97}},"284":{"start":{"line":437,"column":16},"end":{"line":437,"column":103}},"285":{"start":{"line":437,"column":58},"end":{"line":437,"column":103}},"286":{"start":{"line":438,"column":16},"end":{"line":438,"column":44}},"287":{"start":{"line":440,"column":16},"end":{"line":440,"column":93}},"288":{"start":{"line":440,"column":50},"end":{"line":440,"column":93}},"289":{"start":{"line":441,"column":16},"end":{"line":441,"column":99}},"290":{"start":{"line":441,"column":54},"end":{"line":441,"column":99}},"291":{"start":{"line":442,"column":16},"end":{"line":442,"column":40}},"292":{"start":{"line":445,"column":12},"end":{"line":445,"column":89}},"293":{"start":{"line":445,"column":47},"end":{"line":445,"column":89}},"294":{"start":{"line":446,"column":12},"end":{"line":446,"column":93}},"295":{"start":{"line":446,"column":49},"end":{"line":446,"column":93}},"296":{"start":{"line":448,"column":12},"end":{"line":448,"column":37}},"297":{"start":{"line":449,"column":12},"end":{"line":449,"column":28}},"298":{"start":{"line":450,"column":12},"end":{"line":450,"column":51}},"299":{"start":{"line":454,"column":8},"end":{"line":475,"column":9}},"300":{"start":{"line":456,"column":12},"end":{"line":460,"column":13}},"301":{"start":{"line":457,"column":16},"end":{"line":457,"column":81}},"302":{"start":{"line":459,"column":16},"end":{"line":459,"column":94}},"303":{"start":{"line":462,"column":12},"end":{"line":462,"column":43}},"304":{"start":{"line":464,"column":12},"end":{"line":470,"column":13}},"305":{"start":{"line":465,"column":16},"end":{"line":465,"column":32}},"306":{"start":{"line":466,"column":16},"end":{"line":466,"column":36}},"307":{"start":{"line":468,"column":16},"end":{"line":468,"column":32}},"308":{"start":{"line":469,"column":16},"end":{"line":469,"column":41}},"309":{"start":{"line":472,"column":12},"end":{"line":472,"column":39}},"310":{"start":{"line":473,"column":12},"end":{"line":473,"column":28}},"311":{"start":{"line":474,"column":12},"end":{"line":474,"column":50}},"312":{"start":{"line":481,"column":8},"end":{"line":493,"column":9}},"313":{"start":{"line":482,"column":12},"end":{"line":486,"column":13}},"314":{"start":{"line":483,"column":16},"end":{"line":483,"column":97}},"315":{"start":{"line":483,"column":54},"end":{"line":483,"column":97}},"316":{"start":{"line":485,"column":16},"end":{"line":485,"column":93}},"317":{"start":{"line":485,"column":50},"end":{"line":485,"column":93}},"318":{"start":{"line":488,"column":12},"end":{"line":488,"column":89}},"319":{"start":{"line":488,"column":47},"end":{"line":488,"column":89}},"320":{"start":{"line":490,"column":12},"end":{"line":490,"column":37}},"321":{"start":{"line":491,"column":12},"end":{"line":491,"column":28}},"322":{"start":{"line":492,"column":12},"end":{"line":492,"column":51}},"323":{"start":{"line":496,"column":8},"end":{"line":512,"column":9}},"324":{"start":{"line":497,"column":25},"end":{"line":497,"column":56}},"325":{"start":{"line":499,"column":12},"end":{"line":499,"column":43}},"326":{"start":{"line":501,"column":12},"end":{"line":507,"column":13}},"327":{"start":{"line":502,"column":16},"end":{"line":502,"column":32}},"328":{"start":{"line":503,"column":16},"end":{"line":503,"column":36}},"329":{"start":{"line":505,"column":16},"end":{"line":505,"column":32}},"330":{"start":{"line":506,"column":16},"end":{"line":506,"column":38}},"331":{"start":{"line":509,"column":12},"end":{"line":509,"column":39}},"332":{"start":{"line":510,"column":12},"end":{"line":510,"column":28}},"333":{"start":{"line":511,"column":12},"end":{"line":511,"column":50}},"334":{"start":{"line":524,"column":8},"end":{"line":553,"column":9}},"335":{"start":{"line":525,"column":12},"end":{"line":539,"column":13}},"336":{"start":{"line":526,"column":16},"end":{"line":526,"column":97}},"337":{"start":{"line":526,"column":54},"end":{"line":526,"column":97}},"338":{"start":{"line":527,"column":16},"end":{"line":527,"column":101}},"339":{"start":{"line":527,"column":60},"end":{"line":527,"column":101}},"340":{"start":{"line":528,"column":16},"end":{"line":528,"column":97}},"341":{"start":{"line":528,"column":54},"end":{"line":528,"column":97}},"342":{"start":{"line":529,"column":16},"end":{"line":529,"column":94}},"343":{"start":{"line":529,"column":52},"end":{"line":529,"column":94}},"344":{"start":{"line":530,"column":16},"end":{"line":530,"column":100}},"345":{"start":{"line":530,"column":56},"end":{"line":530,"column":100}},"346":{"start":{"line":531,"column":16},"end":{"line":531,"column":44}},"347":{"start":{"line":533,"column":16},"end":{"line":533,"column":93}},"348":{"start":{"line":533,"column":50},"end":{"line":533,"column":93}},"349":{"start":{"line":534,"column":16},"end":{"line":534,"column":97}},"350":{"start":{"line":534,"column":56},"end":{"line":534,"column":97}},"351":{"start":{"line":535,"column":16},"end":{"line":535,"column":93}},"352":{"start":{"line":535,"column":50},"end":{"line":535,"column":93}},"353":{"start":{"line":536,"column":16},"end":{"line":536,"column":90}},"354":{"start":{"line":536,"column":48},"end":{"line":536,"column":90}},"355":{"start":{"line":537,"column":16},"end":{"line":537,"column":96}},"356":{"start":{"line":537,"column":52},"end":{"line":537,"column":96}},"357":{"start":{"line":538,"column":16},"end":{"line":538,"column":40}},"358":{"start":{"line":541,"column":12},"end":{"line":541,"column":89}},"359":{"start":{"line":541,"column":47},"end":{"line":541,"column":89}},"360":{"start":{"line":542,"column":12},"end":{"line":542,"column":113}},"361":{"start":{"line":542,"column":73},"end":{"line":542,"column":113}},"362":{"start":{"line":543,"column":12},"end":{"line":543,"column":149}},"363":{"start":{"line":543,"column":107},"end":{"line":543,"column":149}},"364":{"start":{"line":544,"column":12},"end":{"line":544,"column":184}},"365":{"start":{"line":544,"column":143},"end":{"line":544,"column":184}},"366":{"start":{"line":545,"column":12},"end":{"line":545,"column":91}},"367":{"start":{"line":545,"column":48},"end":{"line":545,"column":91}},"368":{"start":{"line":547,"column":12},"end":{"line":547,"column":39}},"369":{"start":{"line":548,"column":12},"end":{"line":548,"column":41}},"370":{"start":{"line":550,"column":12},"end":{"line":550,"column":37}},"371":{"start":{"line":551,"column":12},"end":{"line":551,"column":28}},"372":{"start":{"line":552,"column":12},"end":{"line":552,"column":51}},"373":{"start":{"line":555,"column":8},"end":{"line":596,"column":9}},"374":{"start":{"line":557,"column":12},"end":{"line":581,"column":13}},"375":{"start":{"line":558,"column":16},"end":{"line":562,"column":17}},"376":{"start":{"line":559,"column":20},"end":{"line":559,"column":90}},"377":{"start":{"line":561,"column":20},"end":{"line":561,"column":103}},"378":{"start":{"line":563,"column":19},"end":{"line":581,"column":13}},"379":{"start":{"line":564,"column":16},"end":{"line":568,"column":17}},"380":{"start":{"line":565,"column":20},"end":{"line":565,"column":94}},"381":{"start":{"line":567,"column":20},"end":{"line":567,"column":107}},"382":{"start":{"line":569,"column":19},"end":{"line":581,"column":13}},"383":{"start":{"line":570,"column":16},"end":{"line":574,"column":17}},"384":{"start":{"line":571,"column":20},"end":{"line":571,"column":89}},"385":{"start":{"line":573,"column":20},"end":{"line":573,"column":102}},"386":{"start":{"line":575,"column":19},"end":{"line":581,"column":13}},"387":{"start":{"line":576,"column":16},"end":{"line":580,"column":17}},"388":{"start":{"line":577,"column":20},"end":{"line":577,"column":92}},"389":{"start":{"line":579,"column":20},"end":{"line":579,"column":105}},"390":{"start":{"line":583,"column":12},"end":{"line":583,"column":43}},"391":{"start":{"line":585,"column":12},"end":{"line":591,"column":13}},"392":{"start":{"line":586,"column":16},"end":{"line":586,"column":32}},"393":{"start":{"line":587,"column":16},"end":{"line":587,"column":36}},"394":{"start":{"line":589,"column":16},"end":{"line":589,"column":32}},"395":{"start":{"line":590,"column":16},"end":{"line":590,"column":38}},"396":{"start":{"line":593,"column":12},"end":{"line":593,"column":39}},"397":{"start":{"line":594,"column":12},"end":{"line":594,"column":28}},"398":{"start":{"line":595,"column":12},"end":{"line":595,"column":50}},"399":{"start":{"line":600,"column":8},"end":{"line":600,"column":32}},"400":{"start":{"line":604,"column":19},"end":{"line":604,"column":141}},"401":{"start":{"line":607,"column":4},"end":{"line":662,"column":5}},"402":{"start":{"line":609,"column":8},"end":{"line":613,"column":9}},"403":{"start":{"line":610,"column":12},"end":{"line":610,"column":77}},"404":{"start":{"line":612,"column":12},"end":{"line":612,"column":90}},"405":{"start":{"line":614,"column":8},"end":{"line":614,"column":39}},"406":{"start":{"line":616,"column":8},"end":{"line":657,"column":9}},"407":{"start":{"line":617,"column":12},"end":{"line":617,"column":28}},"408":{"start":{"line":618,"column":12},"end":{"line":618,"column":32}},"409":{"start":{"line":620,"column":12},"end":{"line":620,"column":28}},"410":{"start":{"line":621,"column":26},"end":{"line":621,"column":36}},"411":{"start":{"line":622,"column":23},"end":{"line":622,"column":34}},"412":{"start":{"line":623,"column":28},"end":{"line":623,"column":40}},"413":{"start":{"line":626,"column":34},"end":{"line":626,"column":35}},"414":{"start":{"line":627,"column":12},"end":{"line":631,"column":13}},"415":{"start":{"line":628,"column":16},"end":{"line":628,"column":39}},"416":{"start":{"line":629,"column":19},"end":{"line":631,"column":13}},"417":{"start":{"line":630,"column":16},"end":{"line":630,"column":44}},"418":{"start":{"line":634,"column":12},"end":{"line":638,"column":13}},"419":{"start":{"line":634,"column":25},"end":{"line":634,"column":43}},"420":{"start":{"line":635,"column":16},"end":{"line":635,"column":48}},"421":{"start":{"line":635,"column":42},"end":{"line":635,"column":48}},"422":{"start":{"line":636,"column":16},"end":{"line":636,"column":34}},"423":{"start":{"line":637,"column":16},"end":{"line":637,"column":57}},"424":{"start":{"line":640,"column":12},"end":{"line":645,"column":13}},"425":{"start":{"line":641,"column":16},"end":{"line":644,"column":17}},"426":{"start":{"line":641,"column":29},"end":{"line":641,"column":50}},"427":{"start":{"line":642,"column":20},"end":{"line":642,"column":37}},"428":{"start":{"line":642,"column":31},"end":{"line":642,"column":37}},"429":{"start":{"line":643,"column":20},"end":{"line":643,"column":61}},"430":{"start":{"line":648,"column":12},"end":{"line":654,"column":15}},"431":{"start":{"line":649,"column":27},"end":{"line":649,"column":52}},"432":{"start":{"line":650,"column":32},"end":{"line":650,"column":59}},"433":{"start":{"line":651,"column":29},"end":{"line":651,"column":51}},"434":{"start":{"line":653,"column":16},"end":{"line":653,"column":47}},"435":{"start":{"line":656,"column":12},"end":{"line":656,"column":32}},"436":{"start":{"line":659,"column":8},"end":{"line":659,"column":35}},"437":{"start":{"line":660,"column":8},"end":{"line":660,"column":24}},"438":{"start":{"line":661,"column":8},"end":{"line":661,"column":46}},"439":{"start":{"line":666,"column":4},"end":{"line":721,"column":5}},"440":{"start":{"line":668,"column":8},"end":{"line":672,"column":9}},"441":{"start":{"line":669,"column":12},"end":{"line":669,"column":83}},"442":{"start":{"line":671,"column":12},"end":{"line":671,"column":96}},"443":{"start":{"line":673,"column":8},"end":{"line":673,"column":39}},"444":{"start":{"line":675,"column":8},"end":{"line":716,"column":9}},"445":{"start":{"line":676,"column":12},"end":{"line":676,"column":28}},"446":{"start":{"line":677,"column":12},"end":{"line":677,"column":32}},"447":{"start":{"line":679,"column":12},"end":{"line":679,"column":28}},"448":{"start":{"line":680,"column":26},"end":{"line":680,"column":36}},"449":{"start":{"line":681,"column":23},"end":{"line":681,"column":34}},"450":{"start":{"line":682,"column":28},"end":{"line":682,"column":40}},"451":{"start":{"line":685,"column":34},"end":{"line":685,"column":35}},"452":{"start":{"line":686,"column":12},"end":{"line":690,"column":13}},"453":{"start":{"line":687,"column":16},"end":{"line":687,"column":39}},"454":{"start":{"line":688,"column":19},"end":{"line":690,"column":13}},"455":{"start":{"line":689,"column":16},"end":{"line":689,"column":44}},"456":{"start":{"line":693,"column":12},"end":{"line":697,"column":13}},"457":{"start":{"line":693,"column":25},"end":{"line":693,"column":43}},"458":{"start":{"line":694,"column":16},"end":{"line":694,"column":48}},"459":{"start":{"line":694,"column":42},"end":{"line":694,"column":48}},"460":{"start":{"line":695,"column":16},"end":{"line":695,"column":34}},"461":{"start":{"line":696,"column":16},"end":{"line":696,"column":57}},"462":{"start":{"line":699,"column":12},"end":{"line":704,"column":13}},"463":{"start":{"line":700,"column":16},"end":{"line":703,"column":17}},"464":{"start":{"line":700,"column":29},"end":{"line":700,"column":50}},"465":{"start":{"line":701,"column":20},"end":{"line":701,"column":37}},"466":{"start":{"line":701,"column":31},"end":{"line":701,"column":37}},"467":{"start":{"line":702,"column":20},"end":{"line":702,"column":61}},"468":{"start":{"line":707,"column":12},"end":{"line":713,"column":15}},"469":{"start":{"line":708,"column":27},"end":{"line":708,"column":52}},"470":{"start":{"line":709,"column":32},"end":{"line":709,"column":59}},"471":{"start":{"line":710,"column":29},"end":{"line":710,"column":51}},"472":{"start":{"line":712,"column":16},"end":{"line":712,"column":47}},"473":{"start":{"line":715,"column":12},"end":{"line":715,"column":32}},"474":{"start":{"line":718,"column":8},"end":{"line":718,"column":35}},"475":{"start":{"line":719,"column":8},"end":{"line":719,"column":24}},"476":{"start":{"line":720,"column":8},"end":{"line":720,"column":46}},"477":{"start":{"line":725,"column":4},"end":{"line":780,"column":5}},"478":{"start":{"line":727,"column":8},"end":{"line":731,"column":9}},"479":{"start":{"line":728,"column":12},"end":{"line":728,"column":73}},"480":{"start":{"line":730,"column":12},"end":{"line":730,"column":86}},"481":{"start":{"line":732,"column":8},"end":{"line":732,"column":39}},"482":{"start":{"line":734,"column":8},"end":{"line":775,"column":9}},"483":{"start":{"line":735,"column":12},"end":{"line":735,"column":28}},"484":{"start":{"line":736,"column":12},"end":{"line":736,"column":32}},"485":{"start":{"line":738,"column":12},"end":{"line":738,"column":28}},"486":{"start":{"line":739,"column":26},"end":{"line":739,"column":36}},"487":{"start":{"line":740,"column":23},"end":{"line":740,"column":34}},"488":{"start":{"line":741,"column":28},"end":{"line":741,"column":40}},"489":{"start":{"line":744,"column":34},"end":{"line":744,"column":35}},"490":{"start":{"line":745,"column":12},"end":{"line":749,"column":13}},"491":{"start":{"line":746,"column":16},"end":{"line":746,"column":39}},"492":{"start":{"line":747,"column":19},"end":{"line":749,"column":13}},"493":{"start":{"line":748,"column":16},"end":{"line":748,"column":44}},"494":{"start":{"line":752,"column":12},"end":{"line":756,"column":13}},"495":{"start":{"line":752,"column":25},"end":{"line":752,"column":43}},"496":{"start":{"line":753,"column":16},"end":{"line":753,"column":48}},"497":{"start":{"line":753,"column":42},"end":{"line":753,"column":48}},"498":{"start":{"line":754,"column":16},"end":{"line":754,"column":34}},"499":{"start":{"line":755,"column":16},"end":{"line":755,"column":57}},"500":{"start":{"line":758,"column":12},"end":{"line":763,"column":13}},"501":{"start":{"line":759,"column":16},"end":{"line":762,"column":17}},"502":{"start":{"line":759,"column":29},"end":{"line":759,"column":50}},"503":{"start":{"line":760,"column":20},"end":{"line":760,"column":37}},"504":{"start":{"line":760,"column":31},"end":{"line":760,"column":37}},"505":{"start":{"line":761,"column":20},"end":{"line":761,"column":61}},"506":{"start":{"line":766,"column":12},"end":{"line":772,"column":15}},"507":{"start":{"line":767,"column":27},"end":{"line":767,"column":52}},"508":{"start":{"line":768,"column":32},"end":{"line":768,"column":59}},"509":{"start":{"line":769,"column":29},"end":{"line":769,"column":51}},"510":{"start":{"line":771,"column":16},"end":{"line":771,"column":47}},"511":{"start":{"line":774,"column":12},"end":{"line":774,"column":32}},"512":{"start":{"line":777,"column":8},"end":{"line":777,"column":35}},"513":{"start":{"line":778,"column":8},"end":{"line":778,"column":24}},"514":{"start":{"line":779,"column":8},"end":{"line":779,"column":46}},"515":{"start":{"line":784,"column":4},"end":{"line":839,"column":5}},"516":{"start":{"line":786,"column":8},"end":{"line":790,"column":9}},"517":{"start":{"line":787,"column":12},"end":{"line":787,"column":79}},"518":{"start":{"line":789,"column":12},"end":{"line":789,"column":92}},"519":{"start":{"line":791,"column":8},"end":{"line":791,"column":39}},"520":{"start":{"line":793,"column":8},"end":{"line":834,"column":9}},"521":{"start":{"line":794,"column":12},"end":{"line":794,"column":28}},"522":{"start":{"line":795,"column":12},"end":{"line":795,"column":32}},"523":{"start":{"line":797,"column":12},"end":{"line":797,"column":28}},"524":{"start":{"line":798,"column":26},"end":{"line":798,"column":36}},"525":{"start":{"line":799,"column":23},"end":{"line":799,"column":34}},"526":{"start":{"line":800,"column":28},"end":{"line":800,"column":40}},"527":{"start":{"line":803,"column":34},"end":{"line":803,"column":35}},"528":{"start":{"line":804,"column":12},"end":{"line":808,"column":13}},"529":{"start":{"line":805,"column":16},"end":{"line":805,"column":39}},"530":{"start":{"line":806,"column":19},"end":{"line":808,"column":13}},"531":{"start":{"line":807,"column":16},"end":{"line":807,"column":44}},"532":{"start":{"line":811,"column":12},"end":{"line":815,"column":13}},"533":{"start":{"line":811,"column":25},"end":{"line":811,"column":43}},"534":{"start":{"line":812,"column":16},"end":{"line":812,"column":48}},"535":{"start":{"line":812,"column":42},"end":{"line":812,"column":48}},"536":{"start":{"line":813,"column":16},"end":{"line":813,"column":34}},"537":{"start":{"line":814,"column":16},"end":{"line":814,"column":57}},"538":{"start":{"line":817,"column":12},"end":{"line":822,"column":13}},"539":{"start":{"line":818,"column":16},"end":{"line":821,"column":17}},"540":{"start":{"line":818,"column":29},"end":{"line":818,"column":50}},"541":{"start":{"line":819,"column":20},"end":{"line":819,"column":37}},"542":{"start":{"line":819,"column":31},"end":{"line":819,"column":37}},"543":{"start":{"line":820,"column":20},"end":{"line":820,"column":61}},"544":{"start":{"line":825,"column":12},"end":{"line":831,"column":15}},"545":{"start":{"line":826,"column":27},"end":{"line":826,"column":52}},"546":{"start":{"line":827,"column":32},"end":{"line":827,"column":59}},"547":{"start":{"line":828,"column":29},"end":{"line":828,"column":51}},"548":{"start":{"line":830,"column":16},"end":{"line":830,"column":47}},"549":{"start":{"line":833,"column":12},"end":{"line":833,"column":32}},"550":{"start":{"line":836,"column":8},"end":{"line":836,"column":35}},"551":{"start":{"line":837,"column":8},"end":{"line":837,"column":24}},"552":{"start":{"line":838,"column":8},"end":{"line":838,"column":46}},"553":{"start":{"line":843,"column":4},"end":{"line":898,"column":5}},"554":{"start":{"line":845,"column":8},"end":{"line":849,"column":9}},"555":{"start":{"line":846,"column":12},"end":{"line":846,"column":85}},"556":{"start":{"line":848,"column":12},"end":{"line":848,"column":98}},"557":{"start":{"line":850,"column":8},"end":{"line":850,"column":39}},"558":{"start":{"line":852,"column":8},"end":{"line":893,"column":9}},"559":{"start":{"line":853,"column":12},"end":{"line":853,"column":28}},"560":{"start":{"line":854,"column":12},"end":{"line":854,"column":32}},"561":{"start":{"line":856,"column":12},"end":{"line":856,"column":28}},"562":{"start":{"line":857,"column":26},"end":{"line":857,"column":36}},"563":{"start":{"line":858,"column":23},"end":{"line":858,"column":34}},"564":{"start":{"line":859,"column":28},"end":{"line":859,"column":40}},"565":{"start":{"line":862,"column":34},"end":{"line":862,"column":35}},"566":{"start":{"line":863,"column":12},"end":{"line":867,"column":13}},"567":{"start":{"line":864,"column":16},"end":{"line":864,"column":39}},"568":{"start":{"line":865,"column":19},"end":{"line":867,"column":13}},"569":{"start":{"line":866,"column":16},"end":{"line":866,"column":44}},"570":{"start":{"line":870,"column":12},"end":{"line":874,"column":13}},"571":{"start":{"line":870,"column":25},"end":{"line":870,"column":43}},"572":{"start":{"line":871,"column":16},"end":{"line":871,"column":48}},"573":{"start":{"line":871,"column":42},"end":{"line":871,"column":48}},"574":{"start":{"line":872,"column":16},"end":{"line":872,"column":34}},"575":{"start":{"line":873,"column":16},"end":{"line":873,"column":57}},"576":{"start":{"line":876,"column":12},"end":{"line":881,"column":13}},"577":{"start":{"line":877,"column":16},"end":{"line":880,"column":17}},"578":{"start":{"line":877,"column":29},"end":{"line":877,"column":50}},"579":{"start":{"line":878,"column":20},"end":{"line":878,"column":37}},"580":{"start":{"line":878,"column":31},"end":{"line":878,"column":37}},"581":{"start":{"line":879,"column":20},"end":{"line":879,"column":61}},"582":{"start":{"line":884,"column":12},"end":{"line":890,"column":15}},"583":{"start":{"line":885,"column":27},"end":{"line":885,"column":52}},"584":{"start":{"line":886,"column":32},"end":{"line":886,"column":59}},"585":{"start":{"line":887,"column":29},"end":{"line":887,"column":51}},"586":{"start":{"line":889,"column":16},"end":{"line":889,"column":47}},"587":{"start":{"line":892,"column":12},"end":{"line":892,"column":32}},"588":{"start":{"line":895,"column":8},"end":{"line":895,"column":35}},"589":{"start":{"line":896,"column":8},"end":{"line":896,"column":24}},"590":{"start":{"line":897,"column":8},"end":{"line":897,"column":46}},"591":{"start":{"line":901,"column":0},"end":{"line":901,"column":31}},"592":{"start":{"line":904,"column":4},"end":{"line":904,"column":42}},"593":{"start":{"line":908,"column":4},"end":{"line":908,"column":52}}},"fnMap":{"0":{"name":"stalkoverflow","decl":{"start":{"line":6,"column":9},"end":{"line":6,"column":22}},"loc":{"start":{"line":6,"column":25},"end":{"line":8,"column":1}},"line":6},"1":{"name":"(anonymous_1)","decl":{"start":{"line":11,"column":4},"end":{"line":11,"column":5}},"loc":{"start":{"line":11,"column":37},"end":{"line":37,"column":5}},"line":11},"2":{"name":"(anonymous_2)","decl":{"start":{"line":39,"column":4},"end":{"line":39,"column":5}},"loc":{"start":{"line":39,"column":36},"end":{"line":77,"column":5}},"line":39},"3":{"name":"(anonymous_3)","decl":{"start":{"line":599,"column":4},"end":{"line":599,"column":5}},"loc":{"start":{"line":599,"column":22},"end":{"line":601,"column":5}},"line":599},"4":{"name":"filterSuperDuperType","decl":{"start":{"line":606,"column":15},"end":{"line":606,"column":35}},"loc":{"start":{"line":606,"column":70},"end":{"line":663,"column":1}},"line":606},"5":{"name":"(anonymous_5)","decl":{"start":{"line":648,"column":25},"end":{"line":648,"column":26}},"loc":{"start":{"line":648,"column":39},"end":{"line":654,"column":13}},"line":648},"6":{"name":"filterSuperType","decl":{"start":{"line":665,"column":15},"end":{"line":665,"column":30}},"loc":{"start":{"line":665,"column":76},"end":{"line":722,"column":1}},"line":665},"7":{"name":"(anonymous_7)","decl":{"start":{"line":707,"column":25},"end":{"line":707,"column":26}},"loc":{"start":{"line":707,"column":39},"end":{"line":713,"column":13}},"line":707},"8":{"name":"filterType","decl":{"start":{"line":724,"column":15},"end":{"line":724,"column":25}},"loc":{"start":{"line":724,"column":66},"end":{"line":781,"column":1}},"line":724},"9":{"name":"(anonymous_9)","decl":{"start":{"line":766,"column":25},"end":{"line":766,"column":26}},"loc":{"start":{"line":766,"column":39},"end":{"line":772,"column":13}},"line":766},"10":{"name":"filterSubType","decl":{"start":{"line":783,"column":15},"end":{"line":783,"column":28}},"loc":{"start":{"line":783,"column":72},"end":{"line":840,"column":1}},"line":783},"11":{"name":"(anonymous_11)","decl":{"start":{"line":825,"column":25},"end":{"line":825,"column":26}},"loc":{"start":{"line":825,"column":39},"end":{"line":831,"column":13}},"line":825},"12":{"name":"filterFoodName","decl":{"start":{"line":842,"column":15},"end":{"line":842,"column":29}},"loc":{"start":{"line":842,"column":74},"end":{"line":899,"column":1}},"line":842},"13":{"name":"(anonymous_13)","decl":{"start":{"line":884,"column":25},"end":{"line":884,"column":26}},"loc":{"start":{"line":884,"column":39},"end":{"line":890,"column":13}},"line":884},"14":{"name":"isFloat","decl":{"start":{"line":903,"column":9},"end":{"line":903,"column":16}},"loc":{"start":{"line":903,"column":19},"end":{"line":905,"column":1}},"line":903},"15":{"name":"areWeTestingWithJest","decl":{"start":{"line":907,"column":9},"end":{"line":907,"column":29}},"loc":{"start":{"line":907,"column":32},"end":{"line":909,"column":1}},"line":907}},"branchMap":{"0":{"loc":{"start":{"line":14,"column":8},"end":{"line":16,"column":9}},"type":"if","locations":[{"start":{"line":14,"column":8},"end":{"line":16,"column":9}},{"start":{},"end":{}}],"line":14},"1":{"loc":{"start":{"line":20,"column":8},"end":{"line":33,"column":9}},"type":"switch","locations":[{"start":{"line":21,"column":12},"end":{"line":23,"column":23}},{"start":{"line":24,"column":12},"end":{"line":26,"column":23}},{"start":{"line":27,"column":12},"end":{"line":29,"column":23}},{"start":{"line":30,"column":12},"end":{"line":32,"column":23}}],"line":20},"2":{"loc":{"start":{"line":42,"column":8},"end":{"line":44,"column":9}},"type":"if","locations":[{"start":{"line":42,"column":8},"end":{"line":44,"column":9}},{"start":{},"end":{}}],"line":42},"3":{"loc":{"start":{"line":48,"column":8},"end":{"line":73,"column":9}},"type":"switch","locations":[{"start":{"line":49,"column":12},"end":{"line":51,"column":23}},{"start":{"line":52,"column":12},"end":{"line":54,"column":23}},{"start":{"line":55,"column":12},"end":{"line":57,"column":23}},{"start":{"line":58,"column":12},"end":{"line":60,"column":23}},{"start":{"line":61,"column":12},"end":{"line":63,"column":23}},{"start":{"line":64,"column":12},"end":{"line":66,"column":23}},{"start":{"line":67,"column":12},"end":{"line":69,"column":23}},{"start":{"line":70,"column":12},"end":{"line":72,"column":22}}],"line":48},"4":{"loc":{"start":{"line":87,"column":12},"end":{"line":87,"column":77}},"type":"if","locations":[{"start":{"line":87,"column":12},"end":{"line":87,"column":77}},{"start":{},"end":{}}],"line":87},"5":{"loc":{"start":{"line":88,"column":12},"end":{"line":88,"column":83}},"type":"if","locations":[{"start":{"line":88,"column":12},"end":{"line":88,"column":83}},{"start":{},"end":{}}],"line":88},"6":{"loc":{"start":{"line":89,"column":12},"end":{"line":89,"column":74}},"type":"if","locations":[{"start":{"line":89,"column":12},"end":{"line":89,"column":74}},{"start":{},"end":{}}],"line":89},"7":{"loc":{"start":{"line":91,"column":12},"end":{"line":91,"column":89}},"type":"if","locations":[{"start":{"line":91,"column":12},"end":{"line":91,"column":89}},{"start":{},"end":{}}],"line":91},"8":{"loc":{"start":{"line":92,"column":12},"end":{"line":92,"column":93}},"type":"if","locations":[{"start":{"line":92,"column":12},"end":{"line":92,"column":93}},{"start":{},"end":{}}],"line":92},"9":{"loc":{"start":{"line":93,"column":12},"end":{"line":93,"column":84}},"type":"if","locations":[{"start":{"line":93,"column":12},"end":{"line":93,"column":84}},{"start":{},"end":{}}],"line":93},"10":{"loc":{"start":{"line":118,"column":12},"end":{"line":118,"column":77}},"type":"if","locations":[{"start":{"line":118,"column":12},"end":{"line":118,"column":77}},{"start":{},"end":{}}],"line":118},"11":{"loc":{"start":{"line":120,"column":12},"end":{"line":120,"column":89}},"type":"if","locations":[{"start":{"line":120,"column":12},"end":{"line":120,"column":89}},{"start":{},"end":{}}],"line":120},"12":{"loc":{"start":{"line":133,"column":12},"end":{"line":139,"column":13}},"type":"if","locations":[{"start":{"line":133,"column":12},"end":{"line":139,"column":13}},{"start":{"line":136,"column":19},"end":{"line":139,"column":13}}],"line":133},"13":{"loc":{"start":{"line":154,"column":12},"end":{"line":154,"column":77}},"type":"if","locations":[{"start":{"line":154,"column":12},"end":{"line":154,"column":77}},{"start":{},"end":{}}],"line":154},"14":{"loc":{"start":{"line":155,"column":12},"end":{"line":155,"column":89}},"type":"if","locations":[{"start":{"line":155,"column":12},"end":{"line":155,"column":89}},{"start":{},"end":{}}],"line":155},"15":{"loc":{"start":{"line":156,"column":12},"end":{"line":156,"column":83}},"type":"if","locations":[{"start":{"line":156,"column":12},"end":{"line":156,"column":83}},{"start":{},"end":{}}],"line":156},"16":{"loc":{"start":{"line":157,"column":12},"end":{"line":157,"column":80}},"type":"if","locations":[{"start":{"line":157,"column":12},"end":{"line":157,"column":80}},{"start":{},"end":{}}],"line":157},"17":{"loc":{"start":{"line":159,"column":12},"end":{"line":159,"column":89}},"type":"if","locations":[{"start":{"line":159,"column":12},"end":{"line":159,"column":89}},{"start":{},"end":{}}],"line":159},"18":{"loc":{"start":{"line":160,"column":12},"end":{"line":160,"column":93}},"type":"if","locations":[{"start":{"line":160,"column":12},"end":{"line":160,"column":93}},{"start":{},"end":{}}],"line":160},"19":{"loc":{"start":{"line":161,"column":12},"end":{"line":161,"column":87}},"type":"if","locations":[{"start":{"line":161,"column":12},"end":{"line":161,"column":87}},{"start":{},"end":{}}],"line":161},"20":{"loc":{"start":{"line":162,"column":12},"end":{"line":162,"column":142}},"type":"if","locations":[{"start":{"line":162,"column":12},"end":{"line":162,"column":142}},{"start":{},"end":{}}],"line":162},"21":{"loc":{"start":{"line":162,"column":17},"end":{"line":162,"column":97}},"type":"binary-expr","locations":[{"start":{"line":162,"column":17},"end":{"line":162,"column":46}},{"start":{"line":162,"column":51},"end":{"line":162,"column":67}},{"start":{"line":162,"column":71},"end":{"line":162,"column":96}}],"line":162},"22":{"loc":{"start":{"line":174,"column":12},"end":{"line":180,"column":13}},"type":"if","locations":[{"start":{"line":174,"column":12},"end":{"line":180,"column":13}},{"start":{"line":177,"column":19},"end":{"line":180,"column":13}}],"line":174},"23":{"loc":{"start":{"line":193,"column":12},"end":{"line":193,"column":77}},"type":"if","locations":[{"start":{"line":193,"column":12},"end":{"line":193,"column":77}},{"start":{},"end":{}}],"line":193},"24":{"loc":{"start":{"line":194,"column":12},"end":{"line":194,"column":80}},"type":"if","locations":[{"start":{"line":194,"column":12},"end":{"line":194,"column":80}},{"start":{},"end":{}}],"line":194},"25":{"loc":{"start":{"line":196,"column":12},"end":{"line":196,"column":89}},"type":"if","locations":[{"start":{"line":196,"column":12},"end":{"line":196,"column":89}},{"start":{},"end":{}}],"line":196},"26":{"loc":{"start":{"line":197,"column":12},"end":{"line":197,"column":91}},"type":"if","locations":[{"start":{"line":197,"column":12},"end":{"line":197,"column":91}},{"start":{},"end":{}}],"lin
[...]
nd":{}}],"line":529},"92":{"loc":{"start":{"line":530,"column":16},"end":{"line":530,"column":100}},"type":"if","locations":[{"start":{"line":530,"column":16},"end":{"line":530,"column":100}},{"start":{},"end":{}}],"line":530},"93":{"loc":{"start":{"line":533,"column":16},"end":{"line":533,"column":93}},"type":"if","locations":[{"start":{"line":533,"column":16},"end":{"line":533,"column":93}},{"start":{},"end":{}}],"line":533},"94":{"loc":{"start":{"line":534,"column":16},"end":{"line":534,"column":97}},"type":"if","locations":[{"start":{"line":534,"column":16},"end":{"line":534,"column":97}},{"start":{},"end":{}}],"line":534},"95":{"loc":{"start":{"line":535,"column":16},"end":{"line":535,"column":93}},"type":"if","locations":[{"start":{"line":535,"column":16},"end":{"line":535,"column":93}},{"start":{},"end":{}}],"line":535},"96":{"loc":{"start":{"line":536,"column":16},"end":{"line":536,"column":90}},"type":"if","locations":[{"start":{"line":536,"column":16},"end":{"line":536,"column":90}},{"start":{},"end":{}}],"line":536},"97":{"loc":{"start":{"line":537,"column":16},"end":{"line":537,"column":96}},"type":"if","locations":[{"start":{"line":537,"column":16},"end":{"line":537,"column":96}},{"start":{},"end":{}}],"line":537},"98":{"loc":{"start":{"line":541,"column":12},"end":{"line":541,"column":89}},"type":"if","locations":[{"start":{"line":541,"column":12},"end":{"line":541,"column":89}},{"start":{},"end":{}}],"line":541},"99":{"loc":{"start":{"line":542,"column":12},"end":{"line":542,"column":113}},"type":"if","locations":[{"start":{"line":542,"column":12},"end":{"line":542,"column":113}},{"start":{},"end":{}}],"line":542},"100":{"loc":{"start":{"line":542,"column":16},"end":{"line":542,"column":70}},"type":"binary-expr","locations":[{"start":{"line":542,"column":16},"end":{"line":542,"column":43}},{"start":{"line":542,"column":47},"end":{"line":542,"column":70}}],"line":542},"101":{"loc":{"start":{"line":543,"column":12},"end":{"line":543,"column":149}},"type":"if","locations":[{"start":{"line":543,"column":12},"end":{"line":543,"column":149}},{"start":{},"end":{}}],"line":543},"102":{"loc":{"start":{"line":543,"column":16},"end":{"line":543,"column":105}},"type":"binary-expr","locations":[{"start":{"line":543,"column":16},"end":{"line":543,"column":45}},{"start":{"line":543,"column":49},"end":{"line":543,"column":105}}],"line":543},"103":{"loc":{"start":{"line":544,"column":12},"end":{"line":544,"column":184}},"type":"if","locations":[{"start":{"line":544,"column":12},"end":{"line":544,"column":184}},{"start":{},"end":{}}],"line":544},"104":{"loc":{"start":{"line":544,"column":16},"end":{"line":544,"column":141}},"type":"binary-expr","locations":[{"start":{"line":544,"column":16},"end":{"line":544,"column":44}},{"start":{"line":544,"column":48},"end":{"line":544,"column":141}}],"line":544},"105":{"loc":{"start":{"line":545,"column":12},"end":{"line":545,"column":91}},"type":"if","locations":[{"start":{"line":545,"column":12},"end":{"line":545,"column":91}},{"start":{},"end":{}}],"line":545},"106":{"loc":{"start":{"line":557,"column":12},"end":{"line":581,"column":13}},"type":"if","locations":[{"start":{"line":557,"column":12},"end":{"line":581,"column":13}},{"start":{"line":563,"column":19},"end":{"line":581,"column":13}}],"line":557},"107":{"loc":{"start":{"line":558,"column":16},"end":{"line":562,"column":17}},"type":"if","locations":[{"start":{"line":558,"column":16},"end":{"line":562,"column":17}},{"start":{"line":560,"column":23},"end":{"line":562,"column":17}}],"line":558},"108":{"loc":{"start":{"line":563,"column":19},"end":{"line":581,"column":13}},"type":"if","locations":[{"start":{"line":563,"column":19},"end":{"line":581,"column":13}},{"start":{"line":569,"column":19},"end":{"line":581,"column":13}}],"line":563},"109":{"loc":{"start":{"line":564,"column":16},"end":{"line":568,"column":17}},"type":"if","locations":[{"start":{"line":564,"column":16},"end":{"line":568,"column":17}},{"start":{"line":566,"column":23},"end":{"line":568,"column":17}}],"line":564},"110":{"loc":{"start":{"line":569,"column":19},"end":{"line":581,"column":13}},"type":"if","locations":[{"start":{"line":569,"column":19},"end":{"line":581,"column":13}},{"start":{"line":575,"column":19},"end":{"line":581,"column":13}}],"line":569},"111":{"loc":{"start":{"line":570,"column":16},"end":{"line":574,"column":17}},"type":"if","locations":[{"start":{"line":570,"column":16},"end":{"line":574,"column":17}},{"start":{"line":572,"column":23},"end":{"line":574,"column":17}}],"line":570},"112":{"loc":{"start":{"line":575,"column":19},"end":{"line":581,"column":13}},"type":"if","locations":[{"start":{"line":575,"column":19},"end":{"line":581,"column":13}},{"start":{},"end":{}}],"line":575},"113":{"loc":{"start":{"line":576,"column":16},"end":{"line":580,"column":17}},"type":"if","locations":[{"start":{"line":576,"column":16},"end":{"line":580,"column":17}},{"start":{"line":578,"column":23},"end":{"line":580,"column":17}}],"line":576},"114":{"loc":{"start":{"line":585,"column":12},"end":{"line":591,"column":13}},"type":"if","locations":[{"start":{"line":585,"column":12},"end":{"line":591,"column":13}},{"start":{"line":588,"column":19},"end":{"line":591,"column":13}}],"line":585},"115":{"loc":{"start":{"line":609,"column":8},"end":{"line":613,"column":9}},"type":"if","locations":[{"start":{"line":609,"column":8},"end":{"line":613,"column":9}},{"start":{"line":611,"column":15},"end":{"line":613,"column":9}}],"line":609},"116":{"loc":{"start":{"line":616,"column":8},"end":{"line":657,"column":9}},"type":"if","locations":[{"start":{"line":616,"column":8},"end":{"line":657,"column":9}},{"start":{"line":619,"column":15},"end":{"line":657,"column":9}}],"line":616},"117":{"loc":{"start":{"line":627,"column":12},"end":{"line":631,"column":13}},"type":"if","locations":[{"start":{"line":627,"column":12},"end":{"line":631,"column":13}},{"start":{"line":629,"column":19},"end":{"line":631,"column":13}}],"line":627},"118":{"loc":{"start":{"line":629,"column":19},"end":{"line":631,"column":13}},"type":"if","locations":[{"start":{"line":629,"column":19},"end":{"line":631,"column":13}},{"start":{},"end":{}}],"line":629},"119":{"loc":{"start":{"line":635,"column":16},"end":{"line":635,"column":48}},"type":"if","locations":[{"start":{"line":635,"column":16},"end":{"line":635,"column":48}},{"start":{},"end":{}}],"line":635},"120":{"loc":{"start":{"line":640,"column":12},"end":{"line":645,"column":13}},"type":"if","locations":[{"start":{"line":640,"column":12},"end":{"line":645,"column":13}},{"start":{},"end":{}}],"line":640},"121":{"loc":{"start":{"line":642,"column":20},"end":{"line":642,"column":37}},"type":"if","locations":[{"start":{"line":642,"column":20},"end":{"line":642,"column":37}},{"start":{},"end":{}}],"line":642},"122":{"loc":{"start":{"line":668,"column":8},"end":{"line":672,"column":9}},"type":"if","locations":[{"start":{"line":668,"column":8},"end":{"line":672,"column":9}},{"start":{"line":670,"column":15},"end":{"line":672,"column":9}}],"line":668},"123":{"loc":{"start":{"line":675,"column":8},"end":{"line":716,"column":9}},"type":"if","locations":[{"start":{"line":675,"column":8},"end":{"line":716,"column":9}},{"start":{"line":678,"column":15},"end":{"line":716,"column":9}}],"line":675},"124":{"loc":{"start":{"line":686,"column":12},"end":{"line":690,"column":13}},"type":"if","locations":[{"start":{"line":686,"column":12},"end":{"line":690,"column":13}},{"start":{"line":688,"column":19},"end":{"line":690,"column":13}}],"line":686},"125":{"loc":{"start":{"line":688,"column":19},"end":{"line":690,"column":13}},"type":"if","locations":[{"start":{"line":688,"column":19},"end":{"line":690,"column":13}},{"start":{},"end":{}}],"line":688},"126":{"loc":{"start":{"line":694,"column":16},"end":{"line":694,"column":48}},"type":"if","locations":[{"start":{"line":694,"column":16},"end":{"line":694,"column":48}},{"start":{},"end":{}}],"line":694},"127":{"loc":{"start":{"line":699,"column":12},"end":{"line":704,"column":13}},"type":"if","locations":[{"start":{"line":699,"column":12},"end":{"line":704,"column":13}},{"start":{},"end":{}}],"line":699},"128":{"loc":{"start":{"line":701,"column":20},"end":{"line":701,"column":37}},"type":"if","locations":[{"start":{"line":701,"column":20},"end":{"line":701,"column":37}},{"start":{},"end":{}}],"line":701},"129":{"loc":{"start":{"line":727,"column":8},"end":{"line":731,"column":9}},"type":"if","locations":[{"start":{"line":727,"column":8},"end":{"line":731,"column":9}},{"start":{"line":729,"column":15},"end":{"line":731,"column":9}}],"line":727},"130":{"loc":{"start":{"line":734,"column":8},"end":{"line":775,"column":9}},"type":"if","locations":[{"start":{"line":734,"column":8},"end":{"line":775,"column":9}},{"start":{"line":737,"column":15},"end":{"line":775,"column":9}}],"line":734},"131":{"loc":{"start":{"line":745,"column":12},"end":{"line":749,"column":13}},"type":"if","locations":[{"start":{"line":745,"column":12},"end":{"line":749,"column":13}},{"start":{"line":747,"column":19},"end":{"line":749,"column":13}}],"line":745},"132":{"loc":{"start":{"line":747,"column":19},"end":{"line":749,"column":13}},"type":"if","locations":[{"start":{"line":747,"column":19},"end":{"line":749,"column":13}},{"start":{},"end":{}}],"line":747},"133":{"loc":{"start":{"line":753,"column":16},"end":{"line":753,"column":48}},"type":"if","locations":[{"start":{"line":753,"column":16},"end":{"line":753,"column":48}},{"start":{},"end":{}}],"line":753},"134":{"loc":{"start":{"line":758,"column":12},"end":{"line":763,"column":13}},"type":"if","locations":[{"start":{"line":758,"column":12},"end":{"line":763,"column":13}},{"start":{},"end":{}}],"line":758},"135":{"loc":{"start":{"line":760,"column":20},"end":{"line":760,"column":37}},"type":"if","locations":[{"start":{"line":760,"column":20},"end":{"line":760,"column":37}},{"start":{},"end":{}}],"line":760},"136":{"loc":{"start":{"line":786,"column":8},"end":{"line":790,"column":9}},"type":"if","locations":[{"start":{"line":786,"column":8},"end":{"line":790,"column":9}},{"start":{"line":788,"column":15},"end":{"line":790,"column":9}}],"line":786},"137":{"loc":{"start":{"line":793,"column":8},"end":{"line":834,"column":9}},"type":"if","locations":[{"start":{"line":793,"column":8},"end":{"line":834,"column":9}},{"start":{"line":796,"column":15},"end":{"line":834,"column":9}}],"line":793},"138":{"loc":{"start":{"line":804,"column":12},"end":{"line":808,"column":13}},"type":"if","locations":[{"start":{"line":804,"column":12},"end":{"line":808,"column":13}},{"start":{"line":806,"column":19},"end":{"line":808,"column":13}}],"line":804},"139":{"loc":{"start":{"line":806,"column":19},"end":{"line":808,"column":13}},"type":"if","locations":[{"start":{"line":806,"column":19},"end":{"line":808,"column":13}},{"start":{},"end":{}}],"line":806},"140":{"loc":{"start":{"line":812,"column":16},"end":{"line":812,"column":48}},"type":"if","locations":[{"start":{"line":812,"column":16},"end":{"line":812,"column":48}},{"start":{},"end":{}}],"line":812},"141":{"loc":{"start":{"line":817,"column":12},"end":{"line":822,"column":13}},"type":"if","locations":[{"start":{"line":817,"column":12},"end":{"line":822,"column":13}},{"start":{},"end":{}}],"line":817},"142":{"loc":{"start":{"line":819,"column":20},"end":{"line":819,"column":37}},"type":"if","locations":[{"start":{"line":819,"column":20},"end":{"line":819,"column":37}},{"start":{},"end":{}}],"line":819},"143":{"loc":{"start":{"line":845,"column":8},"end":{"line":849,"column":9}},"type":"if","locations":[{"start":{"line":845,"column":8},"end":{"line":849,"column":9}},{"start":{"line":847,"column":15},"end":{"line":849,"column":9}}],"line":845},"144":{"loc":{"start":{"line":852,"column":8},"end":{"line":893,"column":9}},"type":"if","locations":[{"start":{"line":852,"column":8},"end":{"line":893,"column":9}},{"start":{"line":855,"column":15},"end":{"line":893,"column":9}}],"line":852},"145":{"loc":{"start":{"line":863,"column":12},"end":{"line":867,"column":13}},"type":"if","locations":[{"start":{"line":863,"column":12},"end":{"line":867,"column":13}},{"start":{"line":865,"column":19},"end":{"line":867,"column":13}}],"line":863},"146":{"loc":{"start":{"line":865,"column":19},"end":{"line":867,"column":13}},"type":"if","locations":[{"start":{"line":865,"column":19},"end":{"line":867,"column":13}},{"start":{},"end":{}}],"line":865},"147":{"loc":{"start":{"line":871,"column":16},"end":{"line":871,"column":48}},"type":"if","locations":[{"start":{"line":871,"column":16},"end":{"line":871,"column":48}},{"start":{},"end":{}}],"line":871},"148":{"loc":{"start":{"line":876,"column":12},"end":{"line":881,"column":13}},"type":"if","locations":[{"start":{"line":876,"column":12},"end":{"line":881,"column":13}},{"start":{},"end":{}}],"line":876},"149":{"loc":{"start":{"line":878,"column":20},"end":{"line":878,"column":37}},"type":"if","locations":[{"start":{"line":878,"column":20},"end":{"line":878,"column":37}},{"start":{},"end":{}}],"line":878},"150":{"loc":{"start":{"line":904,"column":11},"end":{"line":904,"column":41}},"type":"binary-expr","locations":[{"start":{"line":904,"column":11},"end":{"line":904,"column":26}},{"start":{"line":904,"column":30},"end":{"line":904,"column":41}}],"line":904}},"s":{"0":1,"1":1,"2":1,"3":1,"4":20,"5":20,"6":20,"7":20,"8":20,"9":7,"10":7,"11":4,"12":4,"13":7,"14":7,"15":1,"16":1,"17":1,"18":1,"19":56,"20":56,"21":56,"22":56,"23":56,"24":5,"25":5,"26":8,"27":8,"28":1,"29":1,"30":24,"31":24,"32":4,"33":4,"34":4,"35":4,"36":1,"37":1,"38":8,"39":8,"40":1,"41":1,"42":7,"43":7,"44":1,"45":6,"46":1,"47":5,"48":1,"49":4,"50":1,"51":3,"52":1,"53":2,"54":1,"55":6,"56":6,"57":6,"58":1,"59":1,"60":0,"61":0,"62":0,"63":1,"64":1,"65":1,"66":4,"67":4,"68":1,"69":3,"70":1,"71":2,"72":2,"73":2,"74":2,"75":2,"76":2,"77":2,"78":1,"79":1,"80":1,"81":1,"82":0,"83":0,"84":0,"85":7,"86":7,"87":1,"88":6,"89":1,"90":5,"91":1,"92":4,"93":0,"94":4,"95":1,"96":3,"97":1,"98":2,"99":0,"100":2,"101":1,"102":6,"103":6,"104":6,"105":1,"106":1,"107":0,"108":0,"109":0,"110":0,"111":0,"112":0,"113":1,"114":1,"115":1,"116":1,"117":1,"118":0,"119":1,"120":1,"121":0,"122":0,"123":0,"124":0,"125":1,"126":1,"127":1,"128":0,"129":0,"130":0,"131":0,"132":0,"133":0,"134":0,"135":0,"136":0,"137":0,"138":0,"139":8,"140":8,"141":8,"142":1,"143":7,"144":2,"145":5,"146":0,"147":0,"148":0,"149":0,"150":0,"151":5,"152":1,"153":4,"154":1,"155":5,"156":5,"157":5,"158":3,"159":3,"160":2,"161":1,"162":3,"163":3,"164":3,"165":1,"166":1,"167":2,"168":2,"169":0,"170":0,"171":0,"172":5,"173":5,"174":5,"175":1,"176":4,"177":0,"178":0,"179":0,"180":4,"181":1,"182":2,"183":2,"184":2,"185":3,"186":3,"187":2,"188":1,"189":3,"190":3,"191":1,"192":1,"193":2,"194":2,"195":0,"196":0,"197":0,"198":1,"199":1,"200":1,"201":1,"202":0,"203":0,"204":1,"205":1,"206":0,"207":0,"208":0,"209":24,"210":24,"211":24,"212":1,"213":23,"214":2,"215":21,"216":1,"217":20,"218":1,"219":19,"220":1,"221":18,"222":0,"223":0,"224":0,"225":0,"226":0,"227":0,"228":0,"229":0,"230":0,"231":0,"232":0,"233":18,"234":1,"235":17,"236":0,"237":17,"238":1,"239":16,"240":1,"241":15,"242":1,"243":14,"244":14,"245":10,"246":10,"247":10,"248":14,"249":2,"250":12,"251":3,"252":9,"253":3,"254":6,"255":3,"256":3,"257":3,"258":4,"259":4,"260":4,"261":1,"262":0,"263":0,"264":3,"265":1,"266":2,"267":2,"268":2,"269":2,"270":2,"271":2,"272":2,"273":1,"274":1,"275":1,"276":1,"277":0,"278":0,"279":0,"280":4,"281":4,"282":4,"283":1,"284":3,"285":1,"286":2,"287":0,"288":0,"289":0,"290":0,"291":0,"292":2,"293":0,"294":2,"295":0,"296":2,"297":2,"298":2,"299":2,"300":2,"301":1,"302":1,"303":2,"304":2,"305":0,"306":0,"307":2,"308":2,"309":0,"310":0,"311":0,"312":1,"313":1,"314":1,"315":0,"316":0,"317":0,"318":1,"319":0,"320":0,"321":0,"322":0,"323":1,"324":1,"325":1,"326":1,"327":0,"328":0,"329":1,"330":1,"331":0,"332":0,"333":0,"334":8,"335":8,"336":8,"337":0,"338":8,"339":0,"340":8,"341":0,"342":8,"343":0,"344":8,"345":0,"346":8,"347":0,"348":0,"349":0,"350":0,"351":0,"352":0,"353":0,"354":0,"355":0,"356":0,"357":0,"358":8,"359":0,"360":8,"361":0,"362":8,"363":0,"364":8,"365":0,"366":8,"367":0,"368":8,"369":8,"370":0,"371":0,"372":0,"373":8,"374":8,"375":2,"376":1,"377":1,"378":6,"379":2,"380":1,"381":1,"382":4,"383":2,"384":1,"385":1,"386":2,"387":2,"388":1,"389":1,"390":8,"391":8,"392":0,"393":0,"394":8,"395":8,"396":0,"397":0,"398":0,"399":1,"400":1,"401":2,"402":2,"403":1,"404":1,"405":2,"406":2,"407":0,"408":0,"409":2,"410":2,"411":2,"412":2,"413":2,"414":2,"415":2,"416":0,"417":0,"418":2,"419":2,"420":12,"421":0,"422":12,"423":12,"424":2,"425":2,"426":2,"427":26,"428":2,"429":24,"430":2,"431":55,"432":55,"433":55,"434":55,"435":2,"436":0,"437":0,"438":0,"439":3,"440":3,"441":2,"442":1,"443":3,"444":3,"445":1,"446":1,"447":2,"448":2,"449":2,"450":2,"451":2,"452":2,"453":2,"454":0,"455":0,"456":2,"457":2,"458":12,"459":0,"460":12,"461":12,"462":2,"463":2,"464":2,"465":26,"466":2,"467":24,"468":2,"469":23,"470":23,"471":23,"472":23,"473":2,"474":0,"475":0,"476":0,"477":3,"478":3,"479":2,"480":1,"481":3,"482":3,"483":1,"484":1,"485":2,"486":2,"487":2,"488":2,"489":2,"490":2,"491":2,"492":0,"493":0,"494":2,"495":2,"496":12,"497":0,"498":12,"499":12,"500":2,"501":2,"502":2,"503":26,"504":2,"505":24,"506":2,"507":12,"508":12,"509":12,"510":12,"511":2,"512":0,"513":0,"514":0,"515":3,"516":3,"517":2,"518":1,"519":3,"520":3,"521":1,"522":1,"523":2,"524":2,"525":2,"526":2,"527":2,"528":2,"529":2,"530":0,"531":0,"532":2,"533":2,"534":12,"535":0,"536":12,"537":12,"538":2,"539":2,"540":2,"541":26,"542":2,"543":24,"544":2,"545":4,"546":4,"547":4,"548":4,"549":2,"550":0,"551":0,"552":0,"553":3,"554":3,"555":2,"556":1,"557":3,"558":3,"559":1,"560":1,"561":2,"562":2,"563":2,"564":2,"565":2,"566":2,"567":2,"568":0,"569":0,"570":2,"571":2,"572":12,"573":0,"574":12,"575":12,"576":2,"577":2,"578":2,"579":26,"580":2,"581":24,"582":2,"583":6,"584":6,"585":6,"586":6,"587":2,"588":0,"589":0,"590":0,"591":1,"592":1,"593":130},"f":{"0":1,"1":20,"2":56,"3":1,"4":2,"5":55,"6":3,"7":23,"8":3,"9":12,"10":3,"11":4,"12":3,"13":6,"14":1,"15":130},"b":{"0":[20,0],"1":[7,4,7,1],"2":[56,0],"3":[5,8,1,24,4,4,1,8],"4":[1,6],"5":[1,5],"6":[1,4],"7":[1,3],"8":[1,2],"9":[1,1],"10":[1,3],"11":[1,2],"12":[1,1],"13":[1,6],"14":[1,5],"15":[1,4],"16":[0,4],"17":[1,3],"18":[1,2],"19":[0,2],"20":[1,1],"21":[2,1,1],"22":[0,0],"23":[0,1],"24":[1,0],"25":[0,0],"26":[0,0],"27":[0,0],"28":[8,0],"29":[1,7],"30":[2,5],"31":[0,0],"32":[0,0],"33":[1,4],"34":[1,3],"35":[2,1],"36":[1,2],"37":[5,0],"38":[1,4],"39":[0,0],"40":[1,3],"41":[2,1],"42":[1,2],"43":[0,1],"44":[24,0],"45":[1,23],"46":[2,21],"47":[1,20],"48":[1,19],"49":[1,18],"50":[0,0],"51":[0,0],"52":[0,0],"53":[0,0],"54":[0,0],"55":[1,17],"56":[0,17],"57":[17,17],"58":[1,16],"59":[17,16],"60":[1,15],"61":[16,16],"62":[1,14],"63":[2,12],"64":[3,9],"65":[3,6],"66":[3,3],"67":[3,0],"68":[4,0],"69":[1,3],"70":[0,0],"71":[1,2],"72":[1,1],"73":[4,0],"74":[1,3],"75":[1,2],"76":[0,0],"77":[0,0],"78":[0,2],"79":[0,2],"80":[1,1],"81":[0,2],"82":[1,0],"83":[0,1],"84":[0,0],"85":[0,1],"86":[0,1],"87":[8,0],"88":[0,8],"89":[0,8],"90":[0,8],"91":[0,8],"92":[0,8],"93":[0,0],"94":[0,0],"95":[0,0],"96":[0,0],"97":[0,0],"98":[0,8],"99":[0,8],"100":[8,8],"101":[0,8],"102":[8,8],"103":[0,8],"104":[8,8],"105":[0,8],"106":[2,6],"107":[1,1],"108":[2,4],"109":[1,1],"110":[2,2],"111":[1,1],"112":[2,0],"113":[1,1],"114":[0,8],"115":[1,1],"116":[0,2],"117":[2,0],"118":[0,0],"119":[0,12],"120":[2,0],"121":[2,24],"122":[2,1],"123":[1,2],"124":[2,0],"125":[0,0],"126":[0,12],"127":[2,0],"128":[2,24],"129":[2,1],"130":[1,2],"131":[2,0],"132":[0,0],"133":[0,12],"134":[2,0],"135":[2,24],"136":[2,1],"137":[1,2],"138":[2,0],"139":[0,0],"140":[0,12],"141":[2,0],"142":[2,24],"143":[2,1],"144":[1,2],"145":[2,0],"146":[0,0],"147":[0,12],"148":[2,0],"149":[2,24],"150":[1,1]},"_coverageSchema":"1a1c01bbd47fc00a2c39e90264f33305004495a9","hash":"042f009e7bc50f390ac758e65d4c96a2207f36e7"}
}
