{"C:\\Users\\cpvdm\\OneDrive\\Documents\\GitHub\\Harvest\\Server\\communicator.js": {"path":"C:\\Users\\cpvdm\\OneDrive\\Documents\\GitHub\\Harvest\\Server\\communicator.js","statementMap":{"0":{"start":{"line":1,"column":19},"end":{"line":1,"column":32}},"1":{"start":{"line":2,"column":29},"end":{"line":2,"column":53}},"2":{"start":{"line":3,"column":19},"end":{"line":8,"column":8}},"3":{"start":{"line":12,"column":4},"end":{"line":12,"column":21}},"4":{"start":{"line":13,"column":4},"end":{"line":13,"column":10}},"5":{"start":{"line":16,"column":20},"end":{"line":16,"column":38}},"6":{"start":{"line":21,"column":15},"end":{"line":21,"column":159}},"7":{"start":{"line":22,"column":17},"end":{"line":22,"column":19}},"8":{"start":{"line":23,"column":2},"end":{"line":23,"column":24}},"9":{"start":{"line":24,"column":2},"end":{"line":24,"column":21}},"10":{"start":{"line":25,"column":2},"end":{"line":25,"column":22}},"11":{"start":{"line":28,"column":2},"end":{"line":33,"column":3}},"12":{"start":{"line":29,"column":15},"end":{"line":29,"column":47}},"13":{"start":{"line":30,"column":4},"end":{"line":30,"column":18}},"14":{"start":{"line":32,"column":4},"end":{"line":32,"column":14}},"15":{"start":{"line":39,"column":15},"end":{"line":39,"column":106}},"16":{"start":{"line":40,"column":17},"end":{"line":40,"column":19}},"17":{"start":{"line":41,"column":2},"end":{"line":41,"column":22}},"18":{"start":{"line":43,"column":2},"end":{"line":48,"column":3}},"19":{"start":{"line":44,"column":15},"end":{"line":44,"column":47}},"20":{"start":{"line":45,"column":4},"end":{"line":45,"column":18}},"21":{"start":{"line":47,"column":4},"end":{"line":47,"column":14}},"22":{"start":{"line":55,"column":15},"end":{"line":55,"column":90}},"23":{"start":{"line":56,"column":17},"end":{"line":56,"column":19}},"24":{"start":{"line":57,"column":2},"end":{"line":57,"column":22}},"25":{"start":{"line":58,"column":2},"end":{"line":58,"column":20}},"26":{"start":{"line":59,"column":2},"end":{"line":64,"column":3}},"27":{"start":{"line":60,"column":15},"end":{"line":60,"column":47}},"28":{"start":{"line":61,"column":4},"end":{"line":61,"column":18}},"29":{"start":{"line":63,"column":4},"end":{"line":63,"column":14}},"30":{"start":{"line":68,"column":15},"end":{"line":68,"column":90}},"31":{"start":{"line":69,"column":17},"end":{"line":69,"column":19}},"32":{"start":{"line":70,"column":2},"end":{"line":70,"column":22}},"33":{"start":{"line":71,"column":2},"end":{"line":76,"column":3}},"34":{"start":{"line":72,"column":15},"end":{"line":72,"column":47}},"35":{"start":{"line":73,"column":4},"end":{"line":73,"column":18}},"36":{"start":{"line":75,"column":4},"end":{"line":75,"column":14}},"37":{"start":{"line":81,"column":15},"end":{"line":81,"column":122}},"38":{"start":{"line":82,"column":17},"end":{"line":82,"column":19}},"39":{"start":{"line":83,"column":2},"end":{"line":83,"column":22}},"40":{"start":{"line":84,"column":2},"end":{"line":84,"column":25}},"41":{"start":{"line":85,"column":2},"end":{"line":85,"column":22}},"42":{"start":{"line":88,"column":2},"end":{"line":93,"column":3}},"43":{"start":{"line":89,"column":15},"end":{"line":89,"column":47}},"44":{"start":{"line":90,"column":4},"end":{"line":90,"column":18}},"45":{"start":{"line":92,"column":4},"end":{"line":92,"column":14}},"46":{"start":{"line":98,"column":15},"end":{"line":98,"column":47}},"47":{"start":{"line":99,"column":17},"end":{"line":99,"column":19}},"48":{"start":{"line":101,"column":2},"end":{"line":106,"column":3}},"49":{"start":{"line":102,"column":15},"end":{"line":102,"column":47}},"50":{"start":{"line":103,"column":4},"end":{"line":103,"column":18}},"51":{"start":{"line":105,"column":4},"end":{"line":105,"column":14}},"52":{"start":{"line":110,"column":15},"end":{"line":110,"column":383}},"53":{"start":{"line":111,"column":17},"end":{"line":111,"column":19}},"54":{"start":{"line":112,"column":2},"end":{"line":112,"column":24}},"55":{"start":{"line":113,"column":2},"end":{"line":113,"column":22}},"56":{"start":{"line":114,"column":2},"end":{"line":114,"column":20}},"57":{"start":{"line":115,"column":2},"end":{"line":120,"column":3}},"58":{"start":{"line":116,"column":15},"end":{"line":116,"column":47}},"59":{"start":{"line":117,"column":4},"end":{"line":117,"column":18}},"60":{"start":{"line":119,"column":4},"end":{"line":119,"column":14}},"61":{"start":{"line":123,"column":15},"end":{"line":123,"column":444}},"62":{"start":{"line":124,"column":17},"end":{"line":124,"column":19}},"63":{"start":{"line":125,"column":2},"end":{"line":125,"column":29}},"64":{"start":{"line":126,"column":2},"end":{"line":126,"column":22}},"65":{"start":{"line":127,"column":2},"end":{"line":127,"column":20}},"66":{"start":{"line":128,"column":2},"end":{"line":133,"column":3}},"67":{"start":{"line":129,"column":15},"end":{"line":129,"column":47}},"68":{"start":{"line":130,"column":4},"end":{"line":130,"column":18}},"69":{"start":{"line":132,"column":4},"end":{"line":132,"column":14}},"70":{"start":{"line":137,"column":15},"end":{"line":137,"column":301}},"71":{"start":{"line":138,"column":17},"end":{"line":138,"column":19}},"72":{"start":{"line":140,"column":2},"end":{"line":140,"column":27}},"73":{"start":{"line":141,"column":2},"end":{"line":141,"column":22}},"74":{"start":{"line":142,"column":2},"end":{"line":142,"column":20}},"75":{"start":{"line":143,"column":2},"end":{"line":148,"column":3}},"76":{"start":{"line":144,"column":15},"end":{"line":144,"column":47}},"77":{"start":{"line":145,"column":4},"end":{"line":145,"column":18}},"78":{"start":{"line":147,"column":4},"end":{"line":147,"column":14}},"79":{"start":{"line":152,"column":15},"end":{"line":152,"column":417}},"80":{"start":{"line":153,"column":17},"end":{"line":153,"column":19}},"81":{"start":{"line":154,"column":2},"end":{"line":154,"column":22}},"82":{"start":{"line":155,"column":2},"end":{"line":155,"column":20}},"83":{"start":{"line":156,"column":2},"end":{"line":161,"column":3}},"84":{"start":{"line":157,"column":15},"end":{"line":157,"column":47}},"85":{"start":{"line":158,"column":4},"end":{"line":158,"column":18}},"86":{"start":{"line":160,"column":4},"end":{"line":160,"column":14}},"87":{"start":{"line":166,"column":0},"end":{"line":166,"column":28}}},"fnMap":{"0":{"name":"(anonymous_0)","decl":{"start":{"line":11,"column":2},"end":{"line":11,"column":3}},"loc":{"start":{"line":11,"column":15},"end":{"line":14,"column":3}},"line":11},"1":{"name":"(anonymous_1)","decl":{"start":{"line":16,"column":0},"end":{"line":16,"column":1}},"loc":{"start":{"line":16,"column":18},"end":{"line":16,"column":40}},"line":16},"2":{"name":"(anonymous_2)","decl":{"start":{"line":19,"column":0},"end":{"line":19,"column":1}},"loc":{"start":{"line":19,"column":36},"end":{"line":35,"column":1}},"line":19},"3":{"name":"(anonymous_3)","decl":{"start":{"line":38,"column":0},"end":{"line":38,"column":1}},"loc":{"start":{"line":38,"column":21},"end":{"line":51,"column":1}},"line":38},"4":{"name":"(anonymous_4)","decl":{"start":{"line":54,"column":0},"end":{"line":54,"column":1}},"loc":{"start":{"line":54,"column":28},"end":{"line":65,"column":1}},"line":54},"5":{"name":"(anonymous_5)","decl":{"start":{"line":67,"column":0},"end":{"line":67,"column":1}},"loc":{"start":{"line":67,"column":28},"end":{"line":77,"column":1}},"line":67},"6":{"name":"(anonymous_6)","decl":{"start":{"line":80,"column":0},"end":{"line":80,"column":1}},"loc":{"start":{"line":80,"column":37},"end":{"line":94,"column":1}},"line":80},"7":{"name":"(anonymous_7)","decl":{"start":{"line":97,"column":0},"end":{"line":97,"column":1}},"loc":{"start":{"line":97,"column":18},"end":{"line":107,"column":1}},"line":97},"8":{"name":"(anonymous_8)","decl":{"start":{"line":109,"column":0},"end":{"line":109,"column":1}},"loc":{"start":{"line":109,"column":46},"end":{"line":121,"column":1}},"line":109},"9":{"name":"(anonymous_9)","decl":{"start":{"line":122,"column":0},"end":{"line":122,"column":1}},"loc":{"start":{"line":122,"column":56},"end":{"line":134,"column":1}},"line":122},"10":{"name":"(anonymous_10)","decl":{"start":{"line":136,"column":0},"end":{"line":136,"column":1}},"loc":{"start":{"line":136,"column":52},"end":{"line":149,"column":1}},"line":136},"11":{"name":"(anonymous_11)","decl":{"start":{"line":151,"column":0},"end":{"line":151,"column":1}},"loc":{"start":{"line":151,"column":47},"end":{"line":162,"column":1}},"line":151}},"branchMap":{},"s":{"0":1,"1":1,"2":1,"3":1,"4":1,"5":1,"6":1,"7":1,"8":1,"9":1,"10":1,"11":1,"12":1,"13":0,"14":1,"15":2,"16":2,"17":2,"18":2,"19":2,"20":2,"21":0,"22":2,"23":2,"24":2,"25":2,"26":2,"27":2,"28":2,"29":0,"30":2,"31":2,"32":2,"33":2,"34":2,"35":2,"36":0,"37":1,"38":1,"39":1,"40":1,"41":1,"42":1,"43":1,"44":0,"45":1,"46":1,"47":1,"48":1,"49":1,"50":1,"51":0,"52":2,"53":2,"54":2,"55":2,"56":2,"57":2,"58":2,"59":2,"60":0,"61":2,"62":2,"63":2,"64":2,"65":2,"66":2,"67":2,"68":2,"69":0,"70":2,"71":2,"72":2,"73":2,"74":2,"75":2,"76":2,"77":2,"78":0,"79":1,"80":1,"81":1,"82":1,"83":1,"84":1,"85":1,"86":0,"87":1},"f":{"0":1,"1":1,"2":1,"3":2,"4":2,"5":2,"6":1,"7":1,"8":2,"9":2,"10":2,"11":1},"b":{},"_coverageSchema":"1a1c01bbd47fc00a2c39e90264f33305004495a9","hash":"45f40a5ca4c641772f121a6b3a095b0e00392c9b"}
,"C:\\Users\\cpvdm\\OneDrive\\Documents\\GitHub\\Harvest\\Server\\stalkoverflow-api.js": {"path":"C:\\Users\\cpvdm\\OneDrive\\Documents\\GitHub\\Harvest\\Server\\stalkoverflow-api.js","statementMap":{"0":{"start":{"line":1,"column":0},"end":{"line":1,"column":26}},"1":{"start":{"line":2,"column":16},"end":{"line":2,"column":36}},"2":{"start":{"line":4,"column":21},"end":{"line":4,"column":49}},"3":{"start":{"line":5,"column":14},"end":{"line":5,"column":32}},"4":{"start":{"line":8,"column":4},"end":{"line":8,"column":34}},"5":{"start":{"line":13,"column":22},"end":{"line":13,"column":44}},"6":{"start":{"line":15,"column":8},"end":{"line":17,"column":9}},"7":{"start":{"line":16,"column":12},"end":{"line":16,"column":49}},"8":{"start":{"line":19,"column":8},"end":{"line":19,"column":46}},"9":{"start":{"line":21,"column":8},"end":{"line":31,"column":9}},"10":{"start":{"line":23,"column":16},"end":{"line":23,"column":51}},"11":{"start":{"line":24,"column":16},"end":{"line":24,"column":23}},"12":{"start":{"line":26,"column":16},"end":{"line":26,"column":51}},"13":{"start":{"line":27,"column":16},"end":{"line":27,"column":23}},"14":{"start":{"line":29,"column":16},"end":{"line":29,"column":50}},"15":{"start":{"line":30,"column":16},"end":{"line":30,"column":23}},"16":{"start":{"line":33,"column":8},"end":{"line":33,"column":24}},"17":{"start":{"line":34,"column":8},"end":{"line":34,"column":51}},"18":{"start":{"line":38,"column":22},"end":{"line":38,"column":44}},"19":{"start":{"line":40,"column":8},"end":{"line":42,"column":9}},"20":{"start":{"line":41,"column":12},"end":{"line":41,"column":49}},"21":{"start":{"line":44,"column":8},"end":{"line":44,"column":46}},"22":{"start":{"line":46,"column":8},"end":{"line":59,"column":9}},"23":{"start":{"line":48,"column":16},"end":{"line":48,"column":52}},"24":{"start":{"line":49,"column":16},"end":{"line":49,"column":23}},"25":{"start":{"line":51,"column":16},"end":{"line":51,"column":57}},"26":{"start":{"line":52,"column":16},"end":{"line":52,"column":23}},"27":{"start":{"line":54,"column":16},"end":{"line":54,"column":54}},"28":{"start":{"line":55,"column":16},"end":{"line":55,"column":23}},"29":{"start":{"line":57,"column":16},"end":{"line":57,"column":53}},"30":{"start":{"line":58,"column":16},"end":{"line":58,"column":23}},"31":{"start":{"line":61,"column":8},"end":{"line":61,"column":24}},"32":{"start":{"line":62,"column":8},"end":{"line":62,"column":51}},"33":{"start":{"line":72,"column":8},"end":{"line":85,"column":9}},"34":{"start":{"line":73,"column":12},"end":{"line":73,"column":77}},"35":{"start":{"line":73,"column":40},"end":{"line":73,"column":77}},"36":{"start":{"line":74,"column":12},"end":{"line":74,"column":83}},"37":{"start":{"line":74,"column":44},"end":{"line":74,"column":83}},"38":{"start":{"line":75,"column":12},"end":{"line":75,"column":74}},"39":{"start":{"line":75,"column":38},"end":{"line":75,"column":74}},"40":{"start":{"line":77,"column":12},"end":{"line":77,"column":89}},"41":{"start":{"line":77,"column":47},"end":{"line":77,"column":89}},"42":{"start":{"line":78,"column":12},"end":{"line":78,"column":93}},"43":{"start":{"line":78,"column":49},"end":{"line":78,"column":93}},"44":{"start":{"line":79,"column":12},"end":{"line":79,"column":84}},"45":{"start":{"line":79,"column":43},"end":{"line":79,"column":84}},"46":{"start":{"line":82,"column":12},"end":{"line":82,"column":37}},"47":{"start":{"line":83,"column":12},"end":{"line":83,"column":28}},"48":{"start":{"line":84,"column":12},"end":{"line":84,"column":51}},"49":{"start":{"line":88,"column":8},"end":{"line":97,"column":9}},"50":{"start":{"line":89,"column":25},"end":{"line":89,"column":69}},"51":{"start":{"line":90,"column":12},"end":{"line":90,"column":43}},"52":{"start":{"line":91,"column":12},"end":{"line":91,"column":28}},"53":{"start":{"line":92,"column":12},"end":{"line":92,"column":32}},"54":{"start":{"line":94,"column":12},"end":{"line":94,"column":39}},"55":{"start":{"line":95,"column":12},"end":{"line":95,"column":28}},"56":{"start":{"line":96,"column":12},"end":{"line":96,"column":50}},"57":{"start":{"line":103,"column":8},"end":{"line":112,"column":9}},"58":{"start":{"line":104,"column":12},"end":{"line":104,"column":77}},"59":{"start":{"line":104,"column":40},"end":{"line":104,"column":77}},"60":{"start":{"line":106,"column":12},"end":{"line":106,"column":89}},"61":{"start":{"line":106,"column":47},"end":{"line":106,"column":89}},"62":{"start":{"line":109,"column":12},"end":{"line":109,"column":37}},"63":{"start":{"line":110,"column":12},"end":{"line":110,"column":28}},"64":{"start":{"line":111,"column":12},"end":{"line":111,"column":51}},"65":{"start":{"line":115,"column":8},"end":{"line":130,"column":9}},"66":{"start":{"line":116,"column":25},"end":{"line":116,"column":52}},"67":{"start":{"line":117,"column":12},"end":{"line":117,"column":43}},"68":{"start":{"line":119,"column":12},"end":{"line":125,"column":13}},"69":{"start":{"line":120,"column":16},"end":{"line":120,"column":32}},"70":{"start":{"line":121,"column":16},"end":{"line":121,"column":36}},"71":{"start":{"line":123,"column":16},"end":{"line":123,"column":32}},"72":{"start":{"line":124,"column":16},"end":{"line":124,"column":43}},"73":{"start":{"line":127,"column":12},"end":{"line":127,"column":39}},"74":{"start":{"line":128,"column":12},"end":{"line":128,"column":28}},"75":{"start":{"line":129,"column":12},"end":{"line":129,"column":50}},"76":{"start":{"line":138,"column":8},"end":{"line":150,"column":9}},"77":{"start":{"line":139,"column":12},"end":{"line":139,"column":77}},"78":{"start":{"line":139,"column":40},"end":{"line":139,"column":77}},"79":{"start":{"line":140,"column":12},"end":{"line":140,"column":89}},"80":{"start":{"line":140,"column":44},"end":{"line":140,"column":89}},"81":{"start":{"line":141,"column":12},"end":{"line":141,"column":83}},"82":{"start":{"line":141,"column":40},"end":{"line":141,"column":83}},"83":{"start":{"line":143,"column":12},"end":{"line":143,"column":89}},"84":{"start":{"line":143,"column":47},"end":{"line":143,"column":89}},"85":{"start":{"line":144,"column":12},"end":{"line":144,"column":93}},"86":{"start":{"line":144,"column":49},"end":{"line":144,"column":93}},"87":{"start":{"line":145,"column":12},"end":{"line":145,"column":142}},"88":{"start":{"line":145,"column":100},"end":{"line":145,"column":142}},"89":{"start":{"line":147,"column":12},"end":{"line":147,"column":37}},"90":{"start":{"line":148,"column":12},"end":{"line":148,"column":28}},"91":{"start":{"line":149,"column":12},"end":{"line":149,"column":51}},"92":{"start":{"line":153,"column":8},"end":{"line":168,"column":9}},"93":{"start":{"line":154,"column":25},"end":{"line":154,"column":69}},"94":{"start":{"line":155,"column":12},"end":{"line":155,"column":43}},"95":{"start":{"line":157,"column":12},"end":{"line":163,"column":13}},"96":{"start":{"line":158,"column":16},"end":{"line":158,"column":32}},"97":{"start":{"line":159,"column":16},"end":{"line":159,"column":36}},"98":{"start":{"line":161,"column":16},"end":{"line":161,"column":32}},"99":{"start":{"line":162,"column":16},"end":{"line":162,"column":36}},"100":{"start":{"line":165,"column":12},"end":{"line":165,"column":39}},"101":{"start":{"line":166,"column":12},"end":{"line":166,"column":28}},"102":{"start":{"line":167,"column":12},"end":{"line":167,"column":50}},"103":{"start":{"line":176,"column":8},"end":{"line":191,"column":9}},"104":{"start":{"line":177,"column":12},"end":{"line":183,"column":13}},"105":{"start":{"line":178,"column":16},"end":{"line":178,"column":97}},"106":{"start":{"line":178,"column":54},"end":{"line":178,"column":97}},"107":{"start":{"line":179,"column":16},"end":{"line":179,"column":103}},"108":{"start":{"line":179,"column":58},"end":{"line":179,"column":103}},"109":{"start":{"line":181,"column":16},"end":{"line":181,"column":93}},"110":{"start":{"line":181,"column":50},"end":{"line":181,"column":93}},"111":{"start":{"line":182,"column":16},"end":{"line":182,"column":99}},"112":{"start":{"line":182,"column":54},"end":{"line":182,"column":99}},"113":{"start":{"line":185,"column":12},"end":{"line":185,"column":89}},"114":{"start":{"line":185,"column":47},"end":{"line":185,"column":89}},"115":{"start":{"line":186,"column":12},"end":{"line":186,"column":93}},"116":{"start":{"line":186,"column":49},"end":{"line":186,"column":93}},"117":{"start":{"line":188,"column":12},"end":{"line":188,"column":37}},"118":{"start":{"line":189,"column":12},"end":{"line":189,"column":28}},"119":{"start":{"line":190,"column":12},"end":{"line":190,"column":51}},"120":{"start":{"line":194,"column":8},"end":{"line":214,"column":9}},"121":{"start":{"line":195,"column":25},"end":{"line":195,"column":64}},"122":{"start":{"line":196,"column":12},"end":{"line":196,"column":43}},"123":{"start":{"line":198,"column":25},"end":{"line":198,"column":43}},"124":{"start":{"line":200,"column":12},"end":{"line":209,"column":13}},"125":{"start":{"line":201,"column":16},"end":{"line":201,"column":32}},"126":{"start":{"line":202,"column":16},"end":{"line":202,"column":36}},"127":{"start":{"line":204,"column":16},"end":{"line":204,"column":32}},"128":{"start":{"line":205,"column":16},"end":{"line":208,"column":19}},"129":{"start":{"line":211,"column":12},"end":{"line":211,"column":39}},"130":{"start":{"line":212,"column":12},"end":{"line":212,"column":28}},"131":{"start":{"line":213,"column":12},"end":{"line":213,"column":50}},"132":{"start":{"line":220,"column":8},"end":{"line":232,"column":9}},"133":{"start":{"line":221,"column":12},"end":{"line":225,"column":13}},"134":{"start":{"line":222,"column":16},"end":{"line":222,"column":97}},"135":{"start":{"line":222,"column":54},"end":{"line":222,"column":97}},"136":{"start":{"line":224,"column":16},"end":{"line":224,"column":93}},"137":{"start":{"line":224,"column":50},"end":{"line":224,"column":93}},"138":{"start":{"line":227,"column":12},"end":{"line":227,"column":89}},"139":{"start":{"line":227,"column":47},"end":{"line":227,"column":89}},"140":{"start":{"line":229,"column":12},"end":{"line":229,"column":37}},"141":{"start":{"line":230,"column":12},"end":{"line":230,"column":28}},"142":{"start":{"line":231,"column":12},"end":{"line":231,"column":51}},"143":{"start":{"line":235,"column":8},"end":{"line":250,"column":9}},"144":{"start":{"line":236,"column":25},"end":{"line":236,"column":59}},"145":{"start":{"line":237,"column":12},"end":{"line":237,"column":43}},"146":{"start":{"line":239,"column":12},"end":{"line":245,"column":13}},"147":{"start":{"line":240,"column":16},"end":{"line":240,"column":32}},"148":{"start":{"line":241,"column":16},"end":{"line":241,"column":36}},"149":{"start":{"line":243,"column":16},"end":{"line":243,"column":32}},"150":{"start":{"line":244,"column":16},"end":{"line":244,"column":38}},"151":{"start":{"line":247,"column":12},"end":{"line":247,"column":39}},"152":{"start":{"line":248,"column":12},"end":{"line":248,"column":28}},"153":{"start":{"line":249,"column":12},"end":{"line":249,"column":50}},"154":{"start":{"line":254,"column":8},"end":{"line":269,"column":9}},"155":{"start":{"line":255,"column":25},"end":{"line":255,"column":49}},"156":{"start":{"line":256,"column":12},"end":{"line":256,"column":43}},"157":{"start":{"line":258,"column":12},"end":{"line":264,"column":13}},"158":{"start":{"line":259,"column":16},"end":{"line":259,"column":32}},"159":{"start":{"line":260,"column":16},"end":{"line":260,"column":36}},"160":{"start":{"line":262,"column":16},"end":{"line":262,"column":32}},"161":{"start":{"line":263,"column":16},"end":{"line":263,"column":38}},"162":{"start":{"line":266,"column":12},"end":{"line":266,"column":39}},"163":{"start":{"line":267,"column":12},"end":{"line":267,"column":28}},"164":{"start":{"line":268,"column":12},"end":{"line":268,"column":50}},"165":{"start":{"line":280,"column":8},"end":{"line":307,"column":9}},"166":{"start":{"line":281,"column":12},"end":{"line":293,"column":13}},"167":{"start":{"line":282,"column":16},"end":{"line":282,"column":97}},"168":{"start":{"line":282,"column":54},"end":{"line":282,"column":97}},"169":{"start":{"line":283,"column":16},"end":{"line":283,"column":101}},"170":{"start":{"line":283,"column":60},"end":{"line":283,"column":101}},"171":{"start":{"line":284,"column":16},"end":{"line":284,"column":97}},"172":{"start":{"line":284,"column":54},"end":{"line":284,"column":97}},"173":{"start":{"line":285,"column":16},"end":{"line":285,"column":94}},"174":{"start":{"line":285,"column":52},"end":{"line":285,"column":94}},"175":{"start":{"line":286,"column":16},"end":{"line":286,"column":100}},"176":{"start":{"line":286,"column":56},"end":{"line":286,"column":100}},"177":{"start":{"line":288,"column":16},"end":{"line":288,"column":93}},"178":{"start":{"line":288,"column":50},"end":{"line":288,"column":93}},"179":{"start":{"line":289,"column":16},"end":{"line":289,"column":97}},"180":{"start":{"line":289,"column":56},"end":{"line":289,"column":97}},"181":{"start":{"line":290,"column":16},"end":{"line":290,"column":93}},"182":{"start":{"line":290,"column":50},"end":{"line":290,"column":93}},"183":{"start":{"line":291,"column":16},"end":{"line":291,"column":90}},"184":{"start":{"line":291,"column":48},"end":{"line":291,"column":90}},"185":{"start":{"line":292,"column":16},"end":{"line":292,"column":96}},"186":{"start":{"line":292,"column":52},"end":{"line":292,"column":96}},"187":{"start":{"line":295,"column":12},"end":{"line":295,"column":89}},"188":{"start":{"line":295,"column":47},"end":{"line":295,"column":89}},"189":{"start":{"line":296,"column":12},"end":{"line":296,"column":113}},"190":{"start":{"line":296,"column":73},"end":{"line":296,"column":113}},"191":{"start":{"line":297,"column":12},"end":{"line":297,"column":149}},"192":{"start":{"line":297,"column":107},"end":{"line":297,"column":149}},"193":{"start":{"line":298,"column":12},"end":{"line":298,"column":172}},"194":{"start":{"line":298,"column":131},"end":{"line":298,"column":172}},"195":{"start":{"line":299,"column":12},"end":{"line":299,"column":91}},"196":{"start":{"line":299,"column":48},"end":{"line":299,"column":91}},"197":{"start":{"line":301,"column":12},"end":{"line":301,"column":39}},"198":{"start":{"line":302,"column":12},"end":{"line":302,"column":41}},"199":{"start":{"line":304,"column":12},"end":{"line":304,"column":37}},"200":{"start":{"line":305,"column":12},"end":{"line":305,"column":28}},"201":{"start":{"line":306,"column":12},"end":{"line":306,"column":51}},"202":{"start":{"line":309,"column":8},"end":{"line":317,"column":9}},"203":{"start":{"line":310,"column":33},"end":{"line":310,"column":86}},"204":{"start":{"line":311,"column":15},"end":{"line":317,"column":9}},"205":{"start":{"line":312,"column":33},"end":{"line":312,"column":90}},"206":{"start":{"line":313,"column":15},"end":{"line":317,"column":9}},"207":{"start":{"line":314,"column":33},"end":{"line":314,"column":85}},"208":{"start":{"line":315,"column":15},"end":{"line":317,"column":9}},"209":{"start":{"line":316,"column":33},"end":{"line":316,"column":88}},"210":{"start":{"line":321,"column":8},"end":{"line":321,"column":32}},"211":{"start":{"line":325,"column":19},"end":{"line":325,"column":141}},"212":{"start":{"line":328,"column":4},"end":{"line":364,"column":5}},"213":{"start":{"line":329,"column":21},"end":{"line":329,"column":76}},"214":{"start":{"line":330,"column":8},"end":{"line":330,"column":39}},"215":{"start":{"line":332,"column":8},"end":{"line":359,"column":9}},"216":{"start":{"line":333,"column":12},"end":{"line":333,"column":28}},"217":{"start":{"line":334,"column":12},"end":{"line":334,"column":32}},"218":{"start":{"line":336,"column":12},"end":{"line":336,"column":28}},"219":{"start":{"line":337,"column":23},"end":{"line":337,"column":34}},"220":{"start":{"line":339,"column":28},"end":{"line":339,"column":40}},"221":{"start":{"line":341,"column":12},"end":{"line":356,"column":15}},"222":{"start":{"line":342,"column":27},"end":{"line":342,"column":52}},"223":{"start":{"line":343,"column":32},"end":{"line":343,"column":59}},"224":{"start":{"line":344,"column":32},"end":{"line":344,"column":45}},"225":{"start":{"line":345,"column":29},"end":{"line":345,"column":51}},"226":{"start":{"line":347,"column":16},"end":{"line":349,"column":17}},"227":{"start":{"line":348,"column":20},"end":{"line":348,"column":56}},"228":{"start":{"line":351,"column":16},"end":{"line":353,"column":17}},"229":{"start":{"line":352,"column":20},"end":{"line":352,"column":68}},"230":{"start":{"line":355,"column":16},"end":{"line":355,"column":58}},"231":{"start":{"line":357,"column":12},"end":{"line":357,"column":32}},"232":{"start":{"line":361,"column":8},"end":{"line":361,"column":35}},"233":{"start":{"line":362,"column":8},"end":{"line":362,"column":24}},"234":{"start":{"line":363,"column":8},"end":{"line":363,"column":46}},"235":{"start":{"line":368,"column":4},"end":{"line":404,"column":5}},"236":{"start":{"line":369,"column":21},"end":{"line":369,"column":82}},"237":{"start":{"line":370,"column":8},"end":{"line":370,"column":39}},"238":{"start":{"line":372,"column":8},"end":{"line":399,"column":9}},"239":{"start":{"line":373,"column":12},"end":{"line":373,"column":28}},"240":{"start":{"line":374,"column":12},"end":{"line":374,"column":32}},"241":{"start":{"line":376,"column":12},"end":{"line":376,"column":28}},"242":{"start":{"line":377,"column":23},"end":{"line":377,"column":34}},"243":{"start":{"line":379,"column":28},"end":{"line":379,"column":40}},"244":{"start":{"line":381,"column":12},"end":{"line":396,"column":15}},"245":{"start":{"line":382,"column":27},"end":{"line":382,"column":52}},"246":{"start":{"line":383,"column":32},"end":{"line":383,"column":59}},"247":{"start":{"line":384,"column":27},"end":{"line":384,"column":35}},"248":{"start":{"line":385,"column":29},"end":{"line":385,"column":51}},"249":{"start":{"line":387,"column":16},"end":{"line":389,"column":17}},"250":{"start":{"line":388,"column":20},"end":{"line":388,"column":56}},"251":{"start":{"line":391,"column":16},"end":{"line":393,"column":17}},"252":{"start":{"line":392,"column":20},"end":{"line":392,"column":63}},"253":{"start":{"line":395,"column":16},"end":{"line":395,"column":53}},"254":{"start":{"line":397,"column":12},"end":{"line":397,"column":32}},"255":{"start":{"line":401,"column":8},"end":{"line":401,"column":35}},"256":{"start":{"line":402,"column":8},"end":{"line":402,"column":24}},"257":{"start":{"line":403,"column":8},"end":{"line":403,"column":46}},"258":{"start":{"line":408,"column":4},"end":{"line":444,"column":5}},"259":{"start":{"line":409,"column":21},"end":{"line":409,"column":72}},"260":{"start":{"line":410,"column":8},"end":{"line":410,"column":39}},"261":{"start":{"line":412,"column":8},"end":{"line":439,"column":9}},"262":{"start":{"line":413,"column":12},"end":{"line":413,"column":28}},"263":{"start":{"line":414,"column":12},"end":{"line":414,"column":32}},"264":{"start":{"line":416,"column":12},"end":{"line":416,"column":28}},"265":{"start":{"line":417,"column":23},"end":{"line":417,"column":34}},"266":{"start":{"line":419,"column":28},"end":{"line":419,"column":40}},"267":{"start":{"line":421,"column":12},"end":{"line":436,"column":15}},"268":{"start":{"line":422,"column":27},"end":{"line":422,"column":52}},"269":{"start":{"line":423,"column":32},"end":{"line":423,"column":59}},"270":{"start":{"line":424,"column":30},"end":{"line":424,"column":41}},"271":{"start":{"line":425,"column":29},"end":{"line":425,"column":51}},"272":{"start":{"line":427,"column":16},"end":{"line":429,"column":17}},"273":{"start":{"line":428,"column":20},"end":{"line":428,"column":56}},"274":{"start":{"line":431,"column":16},"end":{"line":433,"column":17}},"275":{"start":{"line":432,"column":20},"end":{"line":432,"column":66}},"276":{"start":{"line":435,"column":16},"end":{"line":435,"column":56}},"277":{"start":{"line":437,"column":12},"end":{"line":437,"column":32}},"278":{"start":{"line":441,"column":8},"end":{"line":441,"column":35}},"279":{"start":{"line":442,"column":8},"end":{"line":442,"column":24}},"280":{"start":{"line":443,"column":8},"end":{"line":443,"column":46}},"281":{"start":{"line":448,"column":4},"end":{"line":484,"column":5}},"282":{"start":{"line":449,"column":21},"end":{"line":449,"column":78}},"283":{"start":{"line":450,"column":8},"end":{"line":450,"column":39}},"284":{"start":{"line":452,"column":8},"end":{"line":479,"column":9}},"285":{"start":{"line":453,"column":12},"end":{"line":453,"column":28}},"286":{"start":{"line":454,"column":12},"end":{"line":454,"column":32}},"287":{"start":{"line":456,"column":12},"end":{"line":456,"column":28}},"288":{"start":{"line":457,"column":23},"end":{"line":457,"column":34}},"289":{"start":{"line":459,"column":28},"end":{"line":459,"column":40}},"290":{"start":{"line":461,"column":12},"end":{"line":476,"column":15}},"291":{"start":{"line":462,"column":27},"end":{"line":462,"column":52}},"292":{"start":{"line":463,"column":32},"end":{"line":463,"column":59}},"293":{"start":{"line":464,"column":27},"end":{"line":464,"column":40}},"294":{"start":{"line":465,"column":29},"end":{"line":465,"column":51}},"295":{"start":{"line":467,"column":16},"end":{"line":469,"column":17}},"296":{"start":{"line":468,"column":20},"end":{"line":468,"column":56}},"297":{"start":{"line":471,"column":16},"end":{"line":473,"column":17}},"298":{"start":{"line":472,"column":20},"end":{"line":472,"column":63}},"299":{"start":{"line":475,"column":16},"end":{"line":475,"column":53}},"300":{"start":{"line":477,"column":12},"end":{"line":477,"column":32}},"301":{"start":{"line":481,"column":8},"end":{"line":481,"column":35}},"302":{"start":{"line":482,"column":8},"end":{"line":482,"column":24}},"303":{"start":{"line":483,"column":8},"end":{"line":483,"column":46}},"304":{"start":{"line":487,"column":0},"end":{"line":487,"column":31}},"305":{"start":{"line":490,"column":4},"end":{"line":490,"column":42}},"306":{"start":{"line":494,"column":4},"end":{"line":494,"column":52}}},"fnMap":{"0":{"name":"stalkoverflow","decl":{"start":{"line":7,"column":9},"end":{"line":7,"column":22}},"loc":{"start":{"line":7,"column":25},"end":{"line":9,"column":1}},"line":7},"1":{"name":"(anonymous_1)","decl":{"start":{"line":12,"column":4},"end":{"line":12,"column":5}},"loc":{"start":{"line":12,"column":37},"end":{"line":35,"column":5}},"line":12},"2":{"name":"(anonymous_2)","decl":{"start":{"line":37,"column":4},"end":{"line":37,"column":5}},"loc":{"start":{"line":37,"column":36},"end":{"line":63,"column":5}},"line":37},"3":{"name":"(anonymous_3)","decl":{"start":{"line":320,"column":4},"end":{"line":320,"column":5}},"loc":{"start":{"line":320,"column":22},"end":{"line":322,"column":5}},"line":320},"4":{"name":"filterSuperDuperType","decl":{"start":{"line":327,"column":15},"end":{"line":327,"column":35}},"loc":{"start":{"line":327,"column":63},"end":{"line":365,"column":1}},"line":327},"5":{"name":"(anonymous_5)","decl":{"start":{"line":341,"column":25},"end":{"line":341,"column":26}},"loc":{"start":{"line":341,"column":39},"end":{"line":356,"column":13}},"line":341},"6":{"name":"filterSuperType","decl":{"start":{"line":367,"column":15},"end":{"line":367,"column":30}},"loc":{"start":{"line":367,"column":69},"end":{"line":405,"column":1}},"line":367},"7":{"name":"(anonymous_7)","decl":{"start":{"line":381,"column":25},"end":{"line":381,"column":26}},"loc":{"start":{"line":381,"column":39},"end":{"line":396,"column":13}},"line":381},"8":{"name":"filterType","decl":{"start":{"line":407,"column":15},"end":{"line":407,"column":25}},"loc":{"start":{"line":407,"column":59},"end":{"line":445,"column":1}},"line":407},"9":{"name":"(anonymous_9)","decl":{"start":{"line":421,"column":25},"end":{"line":421,"column":26}},"loc":{"start":{"line":421,"column":39},"end":{"line":436,"column":13}},"line":421},"10":{"name":"filterSubType","decl":{"start":{"line":447,"column":15},"end":{"line":447,"column":28}},"loc":{"start":{"line":447,"column":65},"end":{"line":485,"column":1}},"line":447},"11":{"name":"(anonymous_11)","decl":{"start":{"line":461,"column":25},"end":{"line":461,"column":26}},"loc":{"start":{"line":461,"column":39},"end":{"line":476,"column":13}},"line":461},"12":{"name":"isFloat","decl":{"start":{"line":489,"column":9},"end":{"line":489,"column":16}},"loc":{"start":{"line":489,"column":19},"end":{"line":491,"column":1}},"line":489},"13":{"name":"areWeTestingWithJest","decl":{"start":{"line":493,"column":9},"end":{"line":493,"column":29}},"loc":{"start":{"line":493,"column":32},"end":{"line":495,"column":1}},"line":493}},"branchMap":{"0":{"loc":{"start":{"line":15,"column":8},"end":{"line":17,"column":9}},"type":"if","locations":[{"start":{"line":15,"column":8},"end":{"line":17,"column":9}},{"start":{},"end":{}}],"line":15},"1":{"loc":{"start":{"line":21,"column":8},"end":{"line":31,"column":9}},"type":"switch","locations":[{"start":{"line":22,"column":12},"end":{"line":24,"column":23}},{"start":{"line":25,"column":12},"end":{"line":27,"column":23}},{"start":{"line":28,"column":12},"end":{"line":30,"column":23}}],"line":21},"2":{"loc":{"start":{"line":40,"column":8},"end":{"line":42,"column":9}},"type":"if","locations":[{"start":{"line":40,"column":8},"end":{"line":42,"column":9}},{"start":{},"end":{}}],"line":40},"3":{"loc":{"start":{"line":46,"column":8},"end":{"line":59,"column":9}},"type":"switch","locations":[{"start":{"line":47,"column":12},"end":{"line":49,"column":23}},{"start":{"line":50,"column":12},"end":{"line":52,"column":23}},{"start":{"line":53,"column":12},"end":{"line":55,"column":23}},{"start":{"line":56,"column":12},"end":{"line":58,"column":23}}],"line":46},"4":{"loc":{"start":{"line":73,"column":12},"end":{"line":73,"column":77}},"type":"if","locations":[{"start":{"line":73,"column":12},"end":{"line":73,"column":77}},{"start":{},"end":{}}],"line":73},"5":{"loc":{"start":{"line":74,"column":12},"end":{"line":74,"column":83}},"type":"if","locations":[{"start":{"line":74,"column":12},"end":{"line":74,"column":83}},{"start":{},"end":{}}],"line":74},"6":{"loc":{"start":{"line":75,"column":12},"end":{"line":75,"column":74}},"type":"if","locations":[{"start":{"line":75,"column":12},"end":{"line":75,"column":74}},{"start":{},"end":{}}],"line":75},"7":{"loc":{"start":{"line":77,"column":12},"end":{"line":77,"column":89}},"type":"if","locations":[{"start":{"line":77,"column":12},"end":{"line":77,"column":89}},{"start":{},"end":{}}],"line":77},"8":{"loc":{"start":{"line":78,"column":12},"end":{"line":78,"column":93}},"type":"if","locations":[{"start":{"line":78,"column":12},"end":{"line":78,"column":93}},{"start":{},"end":{}}],"line":78},"9":{"loc":{"start":{"line":79,"column":12},"end":{"line":79,"column":84}},"type":"if","locations":[{"start":{"line":79,"column":12},"end":{"line":79,"column":84}},{"start":{},"end":{}}],"line":79},"10":{"loc":{"start":{"line":104,"column":12},"end":{"line":104,"column":77}},"type":"if","locations":[{"start":{"line":104,"column":12},"end":{"line":104,"column":77}},{"start":{},"end":{}}],"line":104},"11":{"loc":{"start":{"line":106,"column":12},"end":{"line":106,"column":89}},"type":"if","locations":[{"start":{"line":106,"column":12},"end":{"line":106,"column":89}},{"start":{},"end":{}}],"line":106},"12":{"loc":{"start":{"line":119,"column":12},"end":{"line":125,"column":13}},"type":"if","locations":[{"start":{"line":119,"column":12},"end":{"line":125,"column":13}},{"start":{"line":122,"column":19},"end":{"line":125,"column":13}}],"line":119},"13":{"loc":{"start":{"line":139,"column":12},"end":{"line":139,"column":77}},"type":"if","locations":[{"start":{"line":139,"column":12},"end":{"line":139,"column":77}},{"start":{},"end":{}}],"line":139},"14":{"loc":{"start":{"line":140,"column":12},"end":{"line":140,"column":89}},"type":"if","locations":[{"start":{"line":140,"column":12},"end":{"line":140,"column":89}},{"start":{},"end":{}}],"line":140},"15":{"loc":{"start":{"line":141,"column":12},"end":{"line":141,"column":83}},"type":"if","locations":[{"start":{"line":141,"column":12},"end":{"line":141,"column":83}},{"start":{},"end":{}}],"line":141},"16":{"loc":{"start":{"line":143,"column":12},"end":{"line":143,"column":89}},"type":"if","locations":[{"start":{"line":143,"column":12},"end":{"line":143,"column":89}},{"start":{},"end":{}}],"line":143},"17":{"loc":{"start":{"line":144,"column":12},"end":{"line":144,"column":93}},"type":"if","locations":[{"start":{"line":144,"column":12},"end":{"line":144,"column":93}},{"start":{},"end":{}}],"line":144},"18":{"loc":{"start":{"line":145,"column":12},"end":{"line":145,"column":142}},"type":"if","locations":[{"start":{"line":145,"column":12},"end":{"line":145,"column":142}},{"start":{},"end":{}}],"line":145},"19":{"loc":{"start":{"line":145,"column":17},"end":{"line":145,"column":97}},"type":"binary-expr","locations":[{"start":{"line":145,"column":17},"end":{"line":145,"column":46}},{"start":{"line":145,"column":51},"end":{"line":145,"column":67}},{"start":{"line":145,"column":71},"end":{"line":145,"column":96}}],"line":145},"20":{"loc":{"start":{"line":157,"column":12},"end":{"line":163,"column":13}},"type":"if","locations":[{"start":{"line":157,"column":12},"end":{"line":163,"column":13}},{"start":{"line":160,"column":19},"end":{"line":163,"column":13}}],"line":157},"21":{"loc":{"start":{"line":177,"column":12},"end":{"line":183,"column":13}},"type":"if","locations":[{"start":{"line":177,"column":12},"end":{"line":183,"column":13}},{"start":{"line":180,"column":19},"end":{"line":183,"column":13}}],"line":177},"22":{"loc":{"start":{"line":178,"column":16},"end":{"line":178,"column":97}},"type":"if","locations":[{"start":{"line":178,"column":16},"end":{"line":178,"column":97}},{"start":{},"end":{}}],"line":178},"23":{"loc":{"start":{"line":179,"column":16},"end":{"line":179,"column":103}},"type":"if","locations":[{"start":{"line":179,"column":16},"end":{"line":179,"column":103}},{"start":{},"end":{}}],"line":179},"24":{"loc":{"start":{"line":181,"column":16},"end":{"line":181,"column":93}},"type":"if","locations":[{"start":{"line":181,"column":16},"end":{"line":181,"column":93}},{"start":{},"end":{}}],"line":181},"25":{"loc":{"start":{"line":182,"column":16},"end":{"line":182,"column":99}},"type":"if","locations":[{"start":{"line":182,"column":16},"end":{"line":182,"column":99}},{"start":{},"end":{}}],"line":182},"26":{"loc":{"start":{"line":185,"column":12},"end":{"line":185,"column":89}},"type":"if","locations":[{"start":{"line":185,"column":12},"end":{"line":185,"column":89}},{"start":{},"end":{}}],"line":185},"27":{"loc":{"start":{"line":186,"column":12},"end":{"line":186,"column":93}},"type":"if","locations":[{"start":{"line":186,"column":12},"end":{"line":186,"column":93}},{"start":{},"end":{}}],"line":186},"28":{"loc":{"start":{"line":200,"column":12},"end":{"line":209,"column":13}},"type":"if","locations":[{"start":{"line":200,"column":12},"end":{"line":209,"column":13}},{"start":{"line":203,"column":19},"end":{"line":209,"column":13}}],"line":200},"29":{"loc":{"start":{"line":221,"column":12},"end":{"line":225,"column":13}},"type":"if","locations":[{"start":{"line":221,"column":12},"end":{"line":225,"column":13}},{"start":{"line":223,"column":19},"end":{"line":225,"column":13}}],"line":221},"30":{"loc":{"start":{"line":222,"column":16},"end":{"line":222,"column":97}},"type":"if","locations":[{"start":{"line":222,"column":16},"end":{"line":222,"column":97}},{"start":{},"end":{}}],"line":222},"31":{"loc":{"start":{"line":224,"column":16},"end":{"line":224,"column":93}},"type":"if","locations":[{"start":{"line":224,"column":16},"end":{"line":224,"column":93}},{"start":{},"end":{}}],"line":224},"32":{"loc":{"start":{"line":227,"column":12},"end":{"line":227,"column":89}},"type":"if","locations":[{"start":{"line":227,"column":12},"end":{"line":227,"column":89}},{"start":{},"end":{}}],"line":227},"33":{"loc":{"start":{"line":239,"column":12},"end":{"line":245,"column":13}},"type":"if","locations":[{"start":{"line":239,"column":12},"end":{"line":245,"column":13}},{"start":{"line":242,"column":19},"end":{"line":245,"column":13}}],"line":239},"34":{"loc":{"start":{"line":258,"column":12},"end":{"line":264,"column":13}},"type":"if","locations":[{"start":{"line":258,"column":12},"end":{"line":264,"column":13}},{"start":{"line":261,"column":19},"end":{"line":264,"column":13}}],"line":258},"35":{"loc":{"start":{"line":281,"column":12},"end":{"line":293,"column":13}},"type":"if","locations":[{"start":{"line":281,"column":12},"end":{"line":293,"column":13}},{"start":{"line":287,"column":19},"end":{"line":293,"column":13}}],"line":281},"36":{"loc":{"start":{"line":282,"column":16},"end":{"line":282,"column":97}},"type":"if","locations":[{"start":{"line":282,"column":16},"end":{"line":282,"column":97}},{"start":{},"end":{}}],"line":282},"37":{"loc":{"start":{"line":283,"column":16},"end":{"line":283,"column":101}},"type":"if","locations":[{"start":{"line":283,"column":16},"end":{"line":283,"column":101}},{"start":{},"end":{}}],"line":283},"38":{"loc":{"start":{"line":284,"column":16},"end":{"line":284,"column":97}},"type":"if","locations":[{"start":{"line":284,"column":16},"end":{"line":284,"column":97}},{"start":{},"end":{}}],"line":284},"39":{"loc":{"start":{"line":285,"column":16},"end":{"line":285,"column":94}},"type":"if","locations":[{"start":{"line":285,"column":16},"end":{"line":285,"column":94}},{"start":{},"end":{}}],"line":285},"40":{"loc":{"start":{"line":286,"column":16},"end":{"line":286,"column":100}},"type":"if","locations":[{"start":{"line":286,"column":16},"end":{"line":286,"column":100}},{"start":{},"end":{}}],"line":286},"41":{"loc":{"start":{"line":288,"column":16},"end":{"line":288,"column":93}},"type":"if","locations":[{"start":{"line":288,"column":16},"end":{"line":288,"column":93}},{"start":{},"end":{}}],"line":288},"42":{"loc":{"start":{"line":289,"column":16},"end":{"line":289,"column":97}},"type":"if","locations":[{"start":{"line":289,"column":16},"end":{"line":289,"column":97}},{"start":{},"end":{}}],"line":289},"43":{"loc":{"start":{"line":290,"column":16},"end":{"line":290,"column":93}},"type":"if","locations":[{"start":{"line":290,"column":16},"end":{"line":290,"column":93}},{"start":{},"end":{}}],"line":290},"44":{"loc":{"start":{"line":291,"column":16},"end":{"line":291,"column":90}},"type":"if","locations":[{"start":{"line":291,"column":16},"end":{"line":291,"column":90}},{"start":{},"end":{}}],"line":291},"45":{"loc":{"start":{"line":292,"column":16},"end":{"line":292,"column":96}},"type":"if","locations":[{"start":{"line":292,"column":16},"end":{"line":292,"column":96}},{"start":{},"end":{}}],"line":292},"46":{"loc":{"start":{"line":295,"column":12},"end":{"line":295,"column":89}},"type":"if","locations":[{"start":{"line":295,"column":12},"end":{"line":295,"column":89}},{"start":{},"end":{}}],"line":295},"47":{"loc":{"start":{"line":296,"column":12},"end":{"line":296,"column":113}},"type":"if","locations":[{"start":{"line":296,"column":12},"end":{"line":296,"column":113}},{"start":{},"end":{}}],"line":296},"48":{"loc":{"start":{"line":296,"column":16},"end":{"line":296,"column":70}},"type":"binary-expr","locations":[{"start":{"line":296,"column":16},"end":{"line":296,"column":43}},{"start":{"line":296,"column":47},"end":{"line":296,"column":70}}],"line":296},"49":{"loc":{"start":{"line":297,"column":12},"end":{"line":297,"column":149}},"type":"if","locations":[{"start":{"line":297,"column":12},"end":{"line":297,"column":149}},{"start":{},"end":{}}],"line":297},"50":{"loc":{"start":{"line":297,"column":16},"end":{"line":297,"column":105}},"type":"binary-expr","locations":[{"start":{"line":297,"column":16},"end":{"line":297,"column":45}},{"start":{"line":297,"column":49},"end":{"line":297,"column":105}}],"line":297},"51":{"loc":{"start":{"line":298,"column":12},"end":{"line":298,"column":172}},"type":"if","locations":[{"start":{"line":298,"column":12},"end":{"line":298,"column":172}},{"start":{},"end":{}}],"line":298},"52":{"loc":{"start":{"line":298,"column":16},"end":{"line":298,"column":129}},"type":"binary-expr","locations":[{"start":{"line":298,"column":16},"end":{"line":298,"column":44}},{"start":{"line":298,"column":48},"end":{"line":298,"column":129}}],"line":298},"53":{"loc":{"start":{"line":299,"column":12},"end":{"line":299,"column":91}},"type":"if","locations":[{"start":{"line":299,"column":12},"end":{"line":299,"column":91}},{"start":{},"end":{}}],"line":299},"54":{"loc":{"start":{"line":309,"column":8},"end":{"line":317,"column":9}},"type":"if","locations":[{"start":{"line":309,"column":8},"end":{"line":317,"column":9}},{"start":{"line":311,"column":15},"end":{"line":317,"column":9}}],"line":309},"55":{"loc":{"start":{"line":311,"column":15},"end":{"line":317,"column":9}},"type":"if","locations":[{"start":{"line":311,"column":15},"end":{"line":317,"column":9}},{"start":{"line":313,"column":15},"end":{"line":317,"column":9}}],"line":311},"56":{"loc":{"start":{"line":313,"column":15},"end":{"line":317,"column":9}},"type":"if","locations":[{"start":{"line":313,"column":15},"end":{"line":317,"column":9}},{"start":{"line":315,"column":15},"end":{"line":317,"column":9}}],"line":313},"57":{"loc":{"start":{"line":315,"column":15},"end":{"line":317,"column":9}},"type":"if","locations":[{"start":{"line":315,"column":15},"end":{"line":317,"column":9}},{"start":{},"end":{}}],"line":315},"58":{"loc":{"start":{"line":332,"column":8},"end":{"line":359,"column":9}},"type":"if","locations":[{"start":{"line":332,"column":8},"end":{"line":359,"column":9}},{"start":{"line":335,"column":15},"end":{"line":359,"column":9}}],"line":332},"59":{"loc":{"start":{"line":347,"column":16},"end":{"line":349,"column":17}},"type":"if","locations":[{"start":{"line":347,"column":16},"end":{"line":349,"column":17}},{"start":{},"end":{}}],"line":347},"60":{"loc":{"start":{"line":351,"column":16},"end":{"line":353,"column":17}},"type":"if","locations":[{"start":{"line":351,"column":16},"end":{"line":353,"column":17}},{"start":{},"end":{}}],"line":351},"61":{"loc":{"start":{"line":372,"column":8},"end":{"line":399,"column":9}},"type":"if","locations":[{"start":{"line":372,"column":8},"end":{"line":399,"column":9}},{"start":{"line":375,"column":15},"end":{"line":399,"column":9}}],"line":372},"62":{"loc":{"start":{"line":387,"column":16},"end":{"line":389,"column":17}},"type":"if","locations":[{"start":{"line":387,"column":16},"end":{"line":389,"column":17}},{"start":{},"end":{}}],"line":387},"63":{"loc":{"start":{"line":391,"column":16},"end":{"line":393,"column":17}},"type":"if","locations":[{"start":{"line":391,"column":16},"end":{"line":393,"column":17}},{"start":{},"end":{}}],"line":391},"64":{"loc":{"start":{"line":412,"column":8},"end":{"line":439,"column":9}},"type":"if","locations":[{"start":{"line":412,"column":8},"end":{"line":439,"column":9}},{"start":{"line":415,"column":15},"end":{"line":439,"column":9}}],"line":412},"65":{"loc":{"start":{"line":427,"column":16},"end":{"line":429,"column":17}},"type":"if","locations":[{"start":{"line":427,"column":16},"end":{"line":429,"column":17}},{"start":{},"end":{}}],"line":427},"66":{"loc":{"start":{"line":431,"column":16},"end":{"line":433,"column":17}},"type":"if","locations":[{"start":{"line":431,"column":16},"end":{"line":433,"column":17}},{"start":{},"end":{}}],"line":431},"67":{"loc":{"start":{"line":452,"column":8},"end":{"line":479,"column":9}},"type":"if","locations":[{"start":{"line":452,"column":8},"end":{"line":479,"column":9}},{"start":{"line":455,"column":15},"end":{"line":479,"column":9}}],"line":452},"68":{"loc":{"start":{"line":467,"column":16},"end":{"line":469,"column":17}},"type":"if","locations":[{"start":{"line":467,"column":16},"end":{"line":469,"column":17}},{"start":{},"end":{}}],"line":467},"69":{"loc":{"start":{"line":471,"column":16},"end":{"line":473,"column":17}},"type":"if","locations":[{"start":{"line":471,"column":16},"end":{"line":473,"column":17}},{"start":{},"end":{}}],"line":471},"70":{"loc":{"start":{"line":490,"column":11},"end":{"line":490,"column":41}},"type":"binary-expr","locations":[{"start":{"line":490,"column":11},"end":{"line":490,"column":26}},{"start":{"line":490,"column":30},"end":{"line":490,"column":41}}],"line":490}},"s":{"0":1,"1":1,"2":1,"3":1,"4":1,"5":19,"6":19,"7":19,"8":19,"9":19,"10":7,"11":7,"12":4,"13":4,"14":7,"15":7,"16":1,"17":1,"18":30,"19":30,"20":30,"21":30,"22":30,"23":4,"24":4,"25":7,"26":7,"27":1,"28":1,"29":17,"30":17,"31":1,"32":1,"33":7,"34":7,"35":1,"36":6,"37":1,"38":5,"39":1,"40":4,"41":1,"42":3,"43":1,"44":2,"45":1,"46":6,"47":6,"48":6,"49":1,"50":1,"51":0,"52":0,"53":0,"54":1,"55":1,"56":1,"57":4,"58":4,"59":1,"60":3,"61":1,"62":2,"63":2,"64":2,"65":2,"66":2,"67":2,"68":2,"69":1,"70":1,"71":1,"72":1,"73":0,"74":0,"75":0,"76":7,"77":7,"78":1,"79":6,"80":1,"81":5,"82":1,"83":4,"84":1,"85":3,"86":1,"87":2,"88":1,"89":6,"90":6,"91":6,"92":1,"93":1,"94":0,"95":0,"96":0,"97":0,"98":0,"99":0,"100":1,"101":1,"102":1,"103":7,"104":7,"105":7,"106":1,"107":6,"108":2,"109":0,"110":0,"111":0,"112":0,"113":4,"114":1,"115":3,"116":1,"117":5,"118":5,"119":5,"120":2,"121":2,"122":2,"123":2,"124":2,"125":1,"126":1,"127":1,"128":1,"129":0,"130":0,"131":0,"132":4,"133":4,"134":4,"135":1,"136":0,"137":0,"138":3,"139":1,"140":2,"141":2,"142":2,"143":2,"144":2,"145":2,"146":2,"147":1,"148":1,"149":1,"150":1,"151":0,"152":0,"153":0,"154":1,"155":1,"156":1,"157":1,"158":0,"159":0,"160":1,"161":1,"162":0,"163":0,"164":0,"165":17,"166":17,"167":17,"168":1,"169":16,"170":2,"171":14,"172":1,"173":13,"174":1,"175":12,"176":1,"177":0,"178":0,"179":0,"180":0,"181":0,"182":0,"183":0,"184":0,"185":0,"186":0,"187":11,"188":1,"189":10,"190":0,"191":10,"192":1,"193":9,"194":1,"195":8,"196":1,"197":7,"198":7,"199":10,"200":10,"201":10,"202":7,"203":1,"204":6,"205":2,"206":4,"207":2,"208":2,"209":2,"210":1,"211":1,"212":1,"213":1,"214":1,"215":1,"216":0,"217":0,"218":1,"219":1,"220":1,"221":1,"222":36,"223":36,"224":36,"225":36,"226":36,"227":2,"228":36,"229":5,"230":36,"231":1,"232":0,"233":0,"234":0,"235":2,"236":2,"237":2,"238":2,"239":1,"240":1,"241":1,"242":1,"243":1,"244":1,"245":14,"246":14,"247":14,"248":14,"249":14,"250":2,"251":14,"252":5,"253":14,"254":1,"255":0,"256":0,"257":0,"258":2,"259":2,"260":2,"261":2,"262":1,"263":1,"264":1,"265":1,"266":1,"267":1,"268":5,"269":5,"270":5,"271":5,"272":5,"273":2,"274":5,"275":4,"276":5,"277":1,"278":0,"279":0,"280":0,"281":2,"282":2,"283":2,"284":2,"285":1,"286":1,"287":1,"288":1,"289":1,"290":1,"291":1,"292":1,"293":1,"294":1,"295":1,"296":1,"297":1,"298":1,"299":1,"300":1,"301":0,"302":0,"303":0,"304":1,"305":1,"306":77},"f":{"0":1,"1":19,"2":30,"3":1,"4":1,"5":36,"6":2,"7":14,"8":2,"9":5,"10":2,"11":1,"12":1,"13":77},"b":{"0":[19,0],"1":[7,4,7],"2":[30,0],"3":[4,7,1,17],"4":[1,6],"5":[1,5],"6":[1,4],"7":[1,3],"8":[1,2],"9":[1,1],"10":[1,3],"11":[1,2],"12":[1,1],"13":[1,6],"14":[1,5],"15":[1,4],"16":[1,3],"17":[1,2],"18":[1,1],"19":[2,1,1],"20":[0,0],"21":[7,0],"22":[1,6],"23":[2,4],"24":[0,0],"25":[0,0],"26":[1,3],"27":[1,2],"28":[1,1],"29":[4,0],"30":[1,3],"31":[0,0],"32":[1,2],"33":[1,1],"34":[0,1],"35":[17,0],"36":[1,16],"37":[2,14],"38":[1,13],"39":[1,12],"40":[1,11],"41":[0,0],"42":[0,0],"43":[0,0],"44":[0,0],"45":[0,0],"46":[1,10],"47":[0,10],"48":[10,10],"49":[1,9],"50":[10,9],"51":[1,8],"52":[9,9],"53":[1,7],"54":[1,6],"55":[2,4],"56":[2,2],"57":[2,0],"58":[0,1],"59":[2,34],"60":[5,31],"61":[1,1],"62":[2,12],"63":[5,9],"64":[1,1],"65":[2,3],"66":[4,1],"67":[1,1],"68":[1,0],"69":[1,0],"70":[1,1]},"_coverageSchema":"1a1c01bbd47fc00a2c39e90264f33305004495a9","hash":"23968ff825e7857c661d75ffbd580c666040d8c7"}
}
